#
# A fatal error has been detected by the Java Runtime Environment:
#
#  EXCEPTION_ACCESS_VIOLATION (0xc0000005) at pc=0x00007ffd056aee9d, pid=9960, tid=0x000000000000249c
#
# JRE version: Java(TM) SE Runtime Environment (8.0_221-b11) (build 1.8.0_221-b11)
# Java VM: Java HotSpot(TM) 64-Bit Server VM (25.221-b11 mixed mode windows-amd64 compressed oops)
# Problematic frame:
# C  [ntdll.dll+0x1ee9d]
#
# Failed to write core dump. Minidumps are not enabled by default on client versions of Windows
#
# If you would like to submit a bug report, please visit:
#   http://bugreport.java.com/bugreport/crash.jsp
# The crash happened outside the Java Virtual Machine in native code.
# See problematic frame for where to report the bug.
#

---------------  T H R E A D  ---------------

Current thread (0x0000000003303800):  JavaThread "main" [_thread_in_native, id=9372, stack(0x0000000003050000,0x0000000003150000)]

siginfo: ExceptionCode=0xc0000005, writing address 0x0000000000000008

Registers:
RAX=0x0000000001004000, RBX=0x00007ffce7e47ad0, RCX=0x0000000000000000, RDX=0x00000000000006e0
RSP=0x000000000314b470, RBP=0x000000000314baf0, RSI=0x0000000000000001, RDI=0x0000000000000000
R8 =0x00000000012e30c0, R9 =0x0000000000008000, R10=0x000000000314b520, R11=0x000000000140a570
R12=0x00007ffce78d9af0, R13=0x00000000235fabf8, R14=0x00007ffce7150000, R15=0x0000000000000001
RIP=0x00007ffd056aee9d, EFLAGS=0x0000000000010202

Top of Stack: (sp=0x000000000314b470)
0x000000000314b470:   00000000235fabf8 0000000000000208
0x000000000314b480:   00007ffce78d9af0 000000000314b520
0x000000000314b490:   000000000314baf0 00007ffce788389d
0x000000000314b4a0:   0000000000000104 0000000000000104
0x000000000314b4b0:   0000000000000200 0000000000000000
0x000000000314b4c0:   0000000000000000 00007ffce788a20a
0x000000000314b4d0:   000000000140a570 0000000001040030
0x000000000314b4e0:   000000000314b520 0000c54c85ece043
0x000000000314b4f0:   0000000000000000 00007ffce716d38c
0x000000000314b500:   0000000000000000 0000000000000000
0x000000000314b510:   0000000000000000 0000000000000000
0x000000000314b520:   72676f72505c3a43 73656c6946206d61
0x000000000314b530:   726a5c6176614a5c 325f302e382e3165
0x000000000314b540:   6a5c6e69625c3132 6578652e77617661
0x000000000314b550:   ffffffffffffff00 00007ffd025bfb5d
0x000000000314b560:   0000000000000001 00007ffcf9b40000 

Instructions: (pc=0x00007ffd056aee9d)
0x00007ffd056aee7d:   5e c3 f0 ff 43 38 eb c8 cc cc cc cc cc cc cc cc
0x00007ffd056aee8d:   cc cc cc 48 83 ec 28 65 48 8b 04 25 30 00 00 00
0x00007ffd056aee9d:   f0 0f ba 71 08 00 48 8b 40 48 73 12 48 89 41 10
0x00007ffd056aeead:   33 c0 c7 41 0c 01 00 00 00 48 83 c4 28 c3 48 39 


Register to memory mapping:

RAX=0x0000000001004000 is an unknown value
RBX=0x00007ffce7e47ad0 is an unknown value
RCX=0x0000000000000000 is an unknown value
RDX=0x00000000000006e0 is an unknown value
RSP=0x000000000314b470 is pointing into the stack for thread: 0x0000000003303800
RBP=0x000000000314baf0 is pointing into the stack for thread: 0x0000000003303800
RSI=0x0000000000000001 is an unknown value
RDI=0x0000000000000000 is an unknown value
R8 =0x00000000012e30c0 is an unknown value
R9 =0x0000000000008000 is an unknown value
R10=0x000000000314b520 is pointing into the stack for thread: 0x0000000003303800
R11=0x000000000140a570 is an unknown value
R12=0x00007ffce78d9af0 is an unknown value
R13=0x00000000235fabf8 is an unknown value
R14=0x00007ffce7150000 is an unknown value
R15=0x0000000000000001 is an unknown value


Stack: [0x0000000003050000,0x0000000003150000],  sp=0x000000000314b470,  free space=1005k
Native frames: (J=compiled Java code, j=interpreted, Vv=VM code, C=native code)
C  [ntdll.dll+0x1ee9d]
C  [igc64.dll+0x73389d]
C  [igc64.dll+0x73a20a]
C  [igc64.dll+0x1d38c]
C  [igc64.dll+0x789a14]
C  [ntdll.dll+0x3b583]
C  [ntdll.dll+0x47f85]
C  [ntdll.dll+0x47e48]
C  [KERNEL32.DLL+0x1ca7a]
C  [igc64.dll+0x7b600c]
C  [igc64.dll+0x7b5fa8]
C  [igc64.dll+0x5ee2c2]
C  [igc64.dll+0x3eba45]
C  [igc64.dll+0x3f7813]
C  [igc64.dll+0x3ede93]
C  [igc64.dll+0x3ee431]
C  [igc64.dll+0x60a31b]
C  [igc64.dll+0x3ec6c1]
C  [igc64.dll+0x3ece61]
C  [igc64.dll+0x3ef96b]
C  [igc64.dll+0x3d656]
C  [igc64.dll+0x51318]
C  [igc64.dll+0x4c5a4]
C  [ig9icd64.dll+0x918981]
C  [ig9icd64.dll+0x919671]
C  [ig9icd64.dll+0x919751]
C  [ig9icd64.dll+0x91a089]
C  [ig9icd64.dll+0x919d4c]
C  [ig9icd64.dll+0x9199c3]
C  [ig9icd64.dll+0x1bc264]
C  [ig9icd64.dll+0x1b5e4a]
C  [ig9icd64.dll+0x1bd70e]
C  [ig9icd64.dll+0x22694]
C  [ig9icd64.dll+0x22513]
C  [ig9icd64.dll+0x24a06]
C  [ig9icd64.dll+0x247ab]
C  [ig9icd64.dll+0x3281f]
C  [ig9icd64.dll+0x329c7]
C  [ig9icd64.dll+0x32b85]
C  0x0000000003421df0

Java frames: (J=compiled Java code, j=interpreted, Vv=VM code)
j  org.lwjgl.opengl.GL20.nglLinkProgram(I)V+0
j  org.lwjgl.opengl.GL20.glLinkProgram(I)V+1
j  com.bentonian.framework.ui.ShaderUtil.compileProgram(II)I+15
j  com.bentonian.framework.ui.ShaderAutoloader.updateProgram()V+49
j  com.bentonian.framework.ui.ShaderAutoloader.preDraw()V+10
j  com.bentonian.gldemos.implicitsurfacefinder.ImplicitSurfaceFinder.preDraw()V+4
j  com.bentonian.framework.ui.GLWindowedCanvas.mainLoop()V+1
j  com.bentonian.framework.ui.GLWindowedCanvas.run()V+8
j  com.bentonian.gldemos.implicitsurfacefinder.ImplicitSurfaceFinder.main([Ljava/lang/String;)V+7
v  ~StubRoutines::call_stub

---------------  P R O C E S S  ---------------

Java Threads: ( => current thread )
  0x000000002144f800 JavaThread "Thread-1" [_thread_blocked, id=12996, stack(0x0000000022f70000,0x0000000023070000)]
  0x000000002114c800 JavaThread "Java2D Disposer" daemon [_thread_blocked, id=13252, stack(0x0000000021a70000,0x0000000021b70000)]
  0x000000001ef98000 JavaThread "Service Thread" daemon [_thread_blocked, id=14356, stack(0x000000001ff60000,0x0000000020060000)]
  0x000000001ef13000 JavaThread "C1 CompilerThread3" daemon [_thread_blocked, id=3680, stack(0x000000001fe60000,0x000000001ff60000)]
  0x000000001ef12000 JavaThread "C2 CompilerThread2" daemon [_thread_blocked, id=16868, stack(0x000000001fd60000,0x000000001fe60000)]
  0x000000001ef07000 JavaThread "C2 CompilerThread1" daemon [_thread_blocked, id=12832, stack(0x000000001fc60000,0x000000001fd60000)]
  0x000000001ef06800 JavaThread "C2 CompilerThread0" daemon [_thread_blocked, id=7188, stack(0x000000001fb60000,0x000000001fc60000)]
  0x000000001ed78000 JavaThread "JDWP Command Reader" daemon [_thread_in_native, id=16544, stack(0x000000001fa60000,0x000000001fb60000)]
  0x000000001ed75000 JavaThread "JDWP Event Helper Thread" daemon [_thread_blocked, id=13096, stack(0x000000001f960000,0x000000001fa60000)]
  0x000000001ed68000 JavaThread "JDWP Transport Listener: dt_socket" daemon [_thread_blocked, id=13792, stack(0x000000001f860000,0x000000001f960000)]
  0x000000001ed5a000 JavaThread "Attach Listener" daemon [_thread_blocked, id=14024, stack(0x000000001f420000,0x000000001f520000)]
  0x000000001ed59000 JavaThread "Signal Dispatcher" daemon [_thread_blocked, id=12892, stack(0x000000001f320000,0x000000001f420000)]
  0x000000001ed50800 JavaThread "Finalizer" daemon [_thread_blocked, id=2768, stack(0x000000001f130000,0x000000001f230000)]
  0x00000000033f9000 JavaThread "Reference Handler" daemon [_thread_blocked, id=1036, stack(0x000000001ec30000,0x000000001ed30000)]
=>0x0000000003303800 JavaThread "main" [_thread_in_native, id=9372, stack(0x0000000003050000,0x0000000003150000)]

Other Threads:
  0x000000001ce6a000 VMThread [stack: 0x000000001eb30000,0x000000001ec30000] [id=16512]
  0x000000001f067800 WatcherThread [stack: 0x0000000020060000,0x0000000020160000] [id=4956]

VM state:not at safepoint (normal execution)

VM Mutex/Monitor currently owned by a thread: None

heap address: 0x00000006c1200000, size: 4078 MB, Compressed Oops mode: Zero based, Oop shift amount: 3
Narrow klass base: 0x0000000000000000, Narrow klass shift: 3
Compressed class space size: 1073741824 Address: 0x00000007c0000000

Heap:
 PSYoungGen      total 73728K, used 23034K [0x000000076b100000, 0x0000000771000000, 0x00000007c0000000)
  eden space 54272K, 41% used [0x000000076b100000,0x000000076c73e8b0,0x000000076e600000)
  from space 19456K, 1% used [0x000000076fd00000,0x000000076fd40000,0x0000000771000000)
  to   space 21504K, 0% used [0x000000076e600000,0x000000076e600000,0x000000076fb00000)
 ParOldGen       total 175104K, used 24694K [0x00000006c1200000, 0x00000006cbd00000, 0x000000076b100000)
  object space 175104K, 14% used [0x00000006c1200000,0x00000006c2a1dae0,0x00000006cbd00000)
 Metaspace       used 13636K, capacity 13835K, committed 13952K, reserved 1062912K
  class space    used 1299K, capacity 1373K, committed 1408K, reserved 1048576K

Card table byte_map: [0x00000000127c0000,0x0000000012fc0000] byte_map_base: 0x000000000f1b7000

Marking Bits: (ParMarkBitMap*) 0x0000000052825ce0
 Begin Bits: [0x0000000013d10000, 0x0000000017cc8000)
 End Bits:   [0x0000000017cc8000, 0x000000001bc80000)

Polling page: 0x0000000001340000

CodeCache: size=245760Kb used=6021Kb max_used=6034Kb free=239738Kb
 bounds [0x0000000003400000, 0x00000000039f0000, 0x0000000012400000]
 total_blobs=2215 nmethods=1303 adapters=833
 compilation: enabled

Compilation events (10 events):
Event: 319.465 Thread 0x000000001ef13000 nmethod 1309 0x00000000035652d0 code [0x0000000003565440, 0x0000000003565668]
Event: 319.465 Thread 0x000000001ef13000 1312       3       org.lwjgl.system.MemoryUtil::memGetAddress (10 bytes)
Event: 319.465 Thread 0x000000001ef13000 nmethod 1312 0x0000000003564e10 code [0x0000000003564f80, 0x00000000035651e8]
Event: 319.465 Thread 0x000000001ef13000 1310       3       com.google.common.collect.TransformedIterator::next (14 bytes)
Event: 319.466 Thread 0x000000001ef13000 nmethod 1310 0x000000000355dc50 code [0x000000000355ddc0, 0x000000000355e0b8]
Event: 319.466 Thread 0x000000001ef13000 1306       3       com.bentonian.framework.ui.ShaderUtil$TrackedFileLine::<init> (51 bytes)
Event: 319.467 Thread 0x000000001ef13000 nmethod 1306 0x000000000351d310 code [0x000000000351d520, 0x000000000351e158]
Event: 319.467 Thread 0x000000001ef13000 1311       3       com.google.common.collect.Iterators$8::transform (11 bytes)
Event: 319.467 Thread 0x000000001ef13000 nmethod 1311 0x000000000355d7d0 code [0x000000000355d940, 0x000000000355db68]
Event: 319.468 Thread 0x000000001ef07000 nmethod 1307 0x000000000355d290 code [0x000000000355d3e0, 0x000000000355d678]

GC Heap History (10 events):
Event: 219.304 GC heap before
{Heap before GC invocations=10 (full 0):
 PSYoungGen      total 59904K, used 59712K [0x000000076b100000, 0x0000000771a00000, 0x00000007c0000000)
  eden space 59392K, 100% used [0x000000076b100000,0x000000076eb00000,0x000000076eb00000)
  from space 512K, 62% used [0x000000076ec00000,0x000000076ec50000,0x000000076ec80000)
  to   space 24064K, 0% used [0x0000000770280000,0x0000000770280000,0x0000000771a00000)
 ParOldGen       total 175104K, used 24550K [0x00000006c1200000, 0x00000006cbd00000, 0x000000076b100000)
  object space 175104K, 14% used [0x00000006c1200000,0x00000006c29f9ae0,0x00000006cbd00000)
 Metaspace       used 13609K, capacity 13835K, committed 13952K, reserved 1062912K
  class space    used 1299K, capacity 1373K, committed 1408K, reserved 1048576K
Event: 219.306 GC heap after
Heap after GC invocations=10 (full 0):
 PSYoungGen      total 80384K, used 256K [0x000000076b100000, 0x0000000771800000, 0x00000007c0000000)
  eden space 58368K, 0% used [0x000000076b100000,0x000000076b100000,0x000000076ea00000)
  from space 22016K, 1% used [0x0000000770280000,0x00000007702c0000,0x0000000771800000)
  to   space 23552K, 0% used [0x000000076ea00000,0x000000076ea00000,0x0000000770100000)
 ParOldGen       total 175104K, used 24606K [0x00000006c1200000, 0x00000006cbd00000, 0x000000076b100000)
  object space 175104K, 14% used [0x00000006c1200000,0x00000006c2a07ae0,0x00000006cbd00000)
 Metaspace       used 13609K, capacity 13835K, committed 13952K, reserved 1062912K
  class space    used 1299K, capacity 1373K, committed 1408K, reserved 1048576K
}
Event: 241.979 GC heap before
{Heap before GC invocations=11 (full 0):
 PSYoungGen      total 80384K, used 58624K [0x000000076b100000, 0x0000000771800000, 0x00000007c0000000)
  eden space 58368K, 100% used [0x000000076b100000,0x000000076ea00000,0x000000076ea00000)
  from space 22016K, 1% used [0x0000000770280000,0x00000007702c0000,0x0000000771800000)
  to   space 23552K, 0% used [0x000000076ea00000,0x000000076ea00000,0x0000000770100000)
 ParOldGen       total 175104K, used 24606K [0x00000006c1200000, 0x00000006cbd00000, 0x000000076b100000)
  object space 175104K, 14% used [0x00000006c1200000,0x00000006c2a07ae0,0x00000006cbd00000)
 Metaspace       used 13631K, capacity 13835K, committed 13952K, reserved 1062912K
  class space    used 1299K, capacity 1373K, committed 1408K, reserved 1048576K
Event: 241.981 GC heap after
Heap after GC invocations=11 (full 0):
 PSYoungGen      total 57856K, used 256K [0x000000076b100000, 0x0000000771700000, 0x00000007c0000000)
  eden space 57344K, 0% used [0x000000076b100000,0x000000076b100000,0x000000076e900000)
  from space 512K, 50% used [0x000000076ea00000,0x000000076ea40000,0x000000076ea80000)
  to   space 23552K, 0% used [0x0000000770000000,0x0000000770000000,0x0000000771700000)
 ParOldGen       total 175104K, used 24670K [0x00000006c1200000, 0x00000006cbd00000, 0x000000076b100000)
  object space 175104K, 14% used [0x00000006c1200000,0x00000006c2a17ae0,0x00000006cbd00000)
 Metaspace       used 13631K, capacity 13835K, committed 13952K, reserved 1062912K
  class space    used 1299K, capacity 1373K, committed 1408K, reserved 1048576K
}
Event: 265.030 GC heap before
{Heap before GC invocations=12 (full 0):
 PSYoungGen      total 57856K, used 57600K [0x000000076b100000, 0x0000000771700000, 0x00000007c0000000)
  eden space 57344K, 100% used [0x000000076b100000,0x000000076e900000,0x000000076e900000)
  from space 512K, 50% used [0x000000076ea00000,0x000000076ea40000,0x000000076ea80000)
  to   space 23552K, 0% used [0x0000000770000000,0x0000000770000000,0x0000000771700000)
 ParOldGen       total 175104K, used 24670K [0x00000006c1200000, 0x00000006cbd00000, 0x000000076b100000)
  object space 175104K, 14% used [0x00000006c1200000,0x00000006c2a17ae0,0x00000006cbd00000)
 Metaspace       used 13632K, capacity 13835K, committed 13952K, reserved 1062912K
  class space    used 1299K, capacity 1373K, committed 1408K, reserved 1048576K
Event: 265.033 GC heap after
Heap after GC invocations=12 (full 0):
 PSYoungGen      total 77824K, used 256K [0x000000076b100000, 0x0000000771500000, 0x00000007c0000000)
  eden space 56320K, 0% used [0x000000076b100000,0x000000076b100000,0x000000076e800000)
  from space 21504K, 1% used [0x0000000770000000,0x0000000770040000,0x0000000771500000)
  to   space 23040K, 0% used [0x000000076e800000,0x000000076e800000,0x000000076fe80000)
 ParOldGen       total 175104K, used 24686K [0x00000006c1200000, 0x00000006cbd00000, 0x000000076b100000)
  object space 175104K, 14% used [0x00000006c1200000,0x00000006c2a1bae0,0x00000006cbd00000)
 Metaspace       used 13632K, capacity 13835K, committed 13952K, reserved 1062912K
  class space    used 1299K, capacity 1373K, committed 1408K, reserved 1048576K
}
Event: 288.314 GC heap before
{Heap before GC invocations=13 (full 0):
 PSYoungGen      total 77824K, used 56576K [0x000000076b100000, 0x0000000771500000, 0x00000007c0000000)
  eden space 56320K, 100% used [0x000000076b100000,0x000000076e800000,0x000000076e800000)
  from space 21504K, 1% used [0x0000000770000000,0x0000000770040000,0x0000000771500000)
  to   space 23040K, 0% used [0x000000076e800000,0x000000076e800000,0x000000076fe80000)
 ParOldGen       total 175104K, used 24686K [0x00000006c1200000, 0x00000006cbd00000, 0x000000076b100000)
  object space 175104K, 14% used [0x00000006c1200000,0x00000006c2a1bae0,0x00000006cbd00000)
 Metaspace       used 13632K, capacity 13835K, committed 13952K, reserved 1062912K
  class space    used 1299K, capacity 1373K, committed 1408K, reserved 1048576K
Event: 288.316 GC heap after
Heap after GC invocations=13 (full 0):
 PSYoungGen      total 55808K, used 256K [0x000000076b100000, 0x0000000771300000, 0x00000007c0000000)
  eden space 55296K, 0% used [0x000000076b100000,0x000000076b100000,0x000000076e700000)
  from space 512K, 50% used [0x000000076e800000,0x000000076e840000,0x000000076e880000)
  to   space 22528K, 0% used [0x000000076fd00000,0x000000076fd00000,0x0000000771300000)
 ParOldGen       total 175104K, used 24694K [0x00000006c1200000, 0x00000006cbd00000, 0x000000076b100000)
  object space 175104K, 14% used [0x00000006c1200000,0x00000006c2a1dae0,0x00000006cbd00000)
 Metaspace       used 13632K, capacity 13835K, committed 13952K, reserved 1062912K
  class space    used 1299K, capacity 1373K, committed 1408K, reserved 1048576K
}
Event: 310.247 GC heap before
{Heap before GC invocations=14 (full 0):
 PSYoungGen      total 55808K, used 55552K [0x000000076b100000, 0x0000000771300000, 0x00000007c0000000)
  eden space 55296K, 100% used [0x000000076b100000,0x000000076e700000,0x000000076e700000)
  from space 512K, 50% used [0x000000076e800000,0x000000076e840000,0x000000076e880000)
  to   space 22528K, 0% used [0x000000076fd00000,0x000000076fd00000,0x0000000771300000)
 ParOldGen       total 175104K, used 24694K [0x00000006c1200000, 0x00000006cbd00000, 0x000000076b100000)
  object space 175104K, 14% used [0x00000006c1200000,0x00000006c2a1dae0,0x00000006cbd00000)
 Metaspace       used 13632K, capacity 13835K, committed 13952K, reserved 1062912K
  class space    used 1299K, capacity 1373K, committed 1408K, reserved 1048576K
Event: 310.249 GC heap after
Heap after GC invocations=14 (full 0):
 PSYoungGen      total 73728K, used 256K [0x000000076b100000, 0x0000000771000000, 0x00000007c0000000)
  eden space 54272K, 0% used [0x000000076b100000,0x000000076b100000,0x000000076e600000)
  from space 19456K, 1% used [0x000000076fd00000,0x000000076fd40000,0x0000000771000000)
  to   space 21504K, 0% used [0x000000076e600000,0x000000076e600000,0x000000076fb00000)
 ParOldGen       total 175104K, used 24694K [0x00000006c1200000, 0x00000006cbd00000, 0x000000076b100000)
  object space 175104K, 14% used [0x00000006c1200000,0x00000006c2a1dae0,0x00000006cbd00000)
 Metaspace       used 13632K, capacity 13835K, committed 13952K, reserved 1062912K
  class space    used 1299K, capacity 1373K, committed 1408K, reserved 1048576K
}

Deoptimization events (7 events):
Event: 4.418 Thread 0x0000000003303800 Uncommon trap: reason=unstable_if action=reinterpret pc=0x00000000036c84bc method=sun.awt.image.ByteInterleavedRaster.putByteData(IIII[B)V @ 395
Event: 174.569 Thread 0x0000000003303800 Uncommon trap: reason=unstable_if action=reinterpret pc=0x000000000393ca74 method=java.nio.Bits.tryReserveMemory(JI)Z @ 29
Event: 177.532 Thread 0x0000000003303800 Uncommon trap: reason=unstable_if action=reinterpret pc=0x000000000394be68 method=java.util.HashMap$HashIterator.<init>(Ljava/util/HashMap;)V @ 38
Event: 189.520 Thread 0x0000000003303800 Uncommon trap: reason=unstable_if action=reinterpret pc=0x00000000039511b8 method=com.bentonian.gldemos.implicitsurfacefinder.ImplicitSurfaceFinder.draw()V @ 37
Event: 219.306 Thread 0x00000000033f9000 Uncommon trap: reason=unstable_if action=reinterpret pc=0x000000000394a344 method=sun.misc.Cleaner.remove(Lsun/misc/Cleaner;)Z @ 14
Event: 219.308 Thread 0x00000000033f9000 Uncommon trap: reason=unstable_if action=reinterpret pc=0x000000000394096c method=sun.misc.Cleaner.remove(Lsun/misc/Cleaner;)Z @ 14
Event: 319.459 Thread 0x0000000003303800 Uncommon trap: reason=unstable_if action=reinterpret pc=0x00000000039e793c method=com.bentonian.framework.ui.ShaderAutoloader.preDraw()V @ 6

Classes redefined (0 events):
No events

Internal exceptions (10 events):
Event: 317.954 Thread 0x000000002144f800 Implicit null exception at 0x000000000393dd81 to 0x000000000393e182
Event: 317.954 Thread 0x000000002144f800 Exception <a 'java/lang/NullPointerException'> (0x000000076c4100b0) thrown at [C:\re\workspace\8-2-build-windows-amd64-cygwin\jdk8u221\13320\hotspot\src\share\vm\runtime\sharedRuntime.cpp, line 605]
Event: 318.455 Thread 0x000000002144f800 Implicit null exception at 0x000000000393dd81 to 0x000000000393e182
Event: 318.455 Thread 0x000000002144f800 Exception <a 'java/lang/NullPointerException'> (0x000000076c410ad0) thrown at [C:\re\workspace\8-2-build-windows-amd64-cygwin\jdk8u221\13320\hotspot\src\share\vm\runtime\sharedRuntime.cpp, line 605]
Event: 318.957 Thread 0x000000002144f800 Implicit null exception at 0x000000000393dd81 to 0x000000000393e182
Event: 318.957 Thread 0x000000002144f800 Exception <a 'java/lang/NullPointerException'> (0x000000076c51fe18) thrown at [C:\re\workspace\8-2-build-windows-amd64-cygwin\jdk8u221\13320\hotspot\src\share\vm\runtime\sharedRuntime.cpp, line 605]
Event: 319.457 Thread 0x000000002144f800 Implicit null exception at 0x000000000393dd81 to 0x000000000393e182
Event: 319.458 Thread 0x000000002144f800 Exception <a 'java/lang/NullPointerException'> (0x000000076c73da58) thrown at [C:\re\workspace\8-2-build-windows-amd64-cygwin\jdk8u221\13320\hotspot\src\share\vm\runtime\sharedRuntime.cpp, line 605]
Event: 319.460 Thread 0x0000000003303800 Implicit null exception at 0x000000000393dd81 to 0x000000000393e182
Event: 319.460 Thread 0x0000000003303800 Exception <a 'java/lang/NullPointerException'> (0x000000076c7126c0) thrown at [C:\re\workspace\8-2-build-windows-amd64-cygwin\jdk8u221\13320\hotspot\src\share\vm\runtime\sharedRuntime.cpp, line 605]

Events (10 events):
Event: 319.460 Thread 0x0000000003303800 DEOPT UNPACKING pc=0x0000000003447890 sp=0x000000000314eeb8 mode 1
Event: 319.462 Thread 0x000000001ef13000 flushing nmethod 0x00000000035060d0
Event: 319.462 Thread 0x000000001ef13000 flushing nmethod 0x0000000003512750
Event: 319.462 Thread 0x000000001ef13000 flushing nmethod 0x000000000351a1d0
Event: 319.462 Thread 0x000000001ef13000 flushing nmethod 0x000000000351c7d0
Event: 319.462 Thread 0x000000001ef13000 flushing nmethod 0x000000000351ed90
Event: 319.463 Thread 0x000000001ef13000 flushing nmethod 0x0000000003558f90
Event: 319.463 Thread 0x000000001ef13000 flushing nmethod 0x000000000355d190
Event: 319.463 Thread 0x000000001ef13000 flushing nmethod 0x000000000355f750
Event: 319.463 Thread 0x000000001ef13000 flushing nmethod 0x0000000003564c50


Dynamic libraries:
0x00007ff622080000 - 0x00007ff6220b7000 	C:\Program Files\Java\jre1.8.0_221\bin\javaw.exe
0x00007ffd05690000 - 0x00007ffd05871000 	C:\WINDOWS\SYSTEM32\ntdll.dll
0x00007ffd04c70000 - 0x00007ffd04d21000 	C:\WINDOWS\System32\KERNEL32.DLL
0x00007ffd01a50000 - 0x00007ffd01cc3000 	C:\WINDOWS\System32\KERNELBASE.dll
0x00007ffd04dd0000 - 0x00007ffd04e71000 	C:\WINDOWS\System32\ADVAPI32.dll
0x00007ffd05030000 - 0x00007ffd050ce000 	C:\WINDOWS\System32\msvcrt.dll
0x00007ffd02d70000 - 0x00007ffd02dcb000 	C:\WINDOWS\System32\sechost.dll
0x00007ffd04e80000 - 0x00007ffd04fa4000 	C:\WINDOWS\System32\RPCRT4.dll
0x00007ffd054d0000 - 0x00007ffd05660000 	C:\WINDOWS\System32\USER32.dll
0x00007ffd024f0000 - 0x00007ffd02510000 	C:\WINDOWS\System32\win32u.dll
0x00007ffd05170000 - 0x00007ffd05198000 	C:\WINDOWS\System32\GDI32.dll
0x00007ffd028f0000 - 0x00007ffd02a81000 	C:\WINDOWS\System32\gdi32full.dll
0x00007ffd02510000 - 0x00007ffd025af000 	C:\WINDOWS\System32\msvcp_win.dll
0x00007ffd025b0000 - 0x00007ffd026a8000 	C:\WINDOWS\System32\ucrtbase.dll
0x00007ffcf4d70000 - 0x00007ffcf4fd9000 	C:\WINDOWS\WinSxS\amd64_microsoft.windows.common-controls_6595b64144ccf1df_6.0.17134.1006_none_d3fbb8f77c940c3f\COMCTL32.dll
0x00007ffd051a0000 - 0x00007ffd054c1000 	C:\WINDOWS\System32\combase.dll
0x00007ffd02a90000 - 0x00007ffd02b09000 	C:\WINDOWS\System32\bcryptPrimitives.dll
0x00007ffd04d30000 - 0x00007ffd04d5d000 	C:\WINDOWS\System32\IMM32.DLL
0x0000000052f70000 - 0x0000000053042000 	C:\Program Files\Java\jre1.8.0_221\bin\msvcr100.dll
0x0000000052000000 - 0x00000000528a5000 	C:\Program Files\Java\jre1.8.0_221\bin\server\jvm.dll
0x00007ffd02d40000 - 0x00007ffd02d48000 	C:\WINDOWS\System32\PSAPI.DLL
0x00007ffcee600000 - 0x00007ffcee623000 	C:\WINDOWS\SYSTEM32\WINMM.dll
0x00007ffcf8d30000 - 0x00007ffcf8d3a000 	C:\WINDOWS\SYSTEM32\VERSION.dll
0x00007ffcf31e0000 - 0x00007ffcf31e9000 	C:\WINDOWS\SYSTEM32\WSOCK32.dll
0x00007ffd04d60000 - 0x00007ffd04dcc000 	C:\WINDOWS\System32\WS2_32.dll
0x00007ffcee5d0000 - 0x00007ffcee5fa000 	C:\WINDOWS\SYSTEM32\WINMMBASE.dll
0x00007ffd028a0000 - 0x00007ffd028e9000 	C:\WINDOWS\System32\cfgmgr32.dll
0x00007ffcf9a00000 - 0x00007ffcf9a0f000 	C:\Program Files\Java\jre1.8.0_221\bin\verify.dll
0x00007ffccfc70000 - 0x00007ffccfc99000 	C:\Program Files\Java\jre1.8.0_221\bin\java.dll
0x00007ffcf35a0000 - 0x00007ffcf35d5000 	C:\Program Files\Java\jre1.8.0_221\bin\jdwp.dll
0x00007ffd00660000 - 0x00007ffd00668000 	C:\Program Files\Java\jre1.8.0_221\bin\npt.dll
0x00007ffcf3500000 - 0x00007ffcf3523000 	C:\Program Files\Java\jre1.8.0_221\bin\instrument.dll
0x00007ffcd35c0000 - 0x00007ffcd35d6000 	C:\Program Files\Java\jre1.8.0_221\bin\zip.dll
0x00007ffd03810000 - 0x00007ffd04c52000 	C:\WINDOWS\System32\SHELL32.dll
0x00007ffd02e90000 - 0x00007ffd02f39000 	C:\WINDOWS\System32\shcore.dll
0x00007ffd01cd0000 - 0x00007ffd023de000 	C:\WINDOWS\System32\windows.storage.dll
0x00007ffd02e30000 - 0x00007ffd02e81000 	C:\WINDOWS\System32\shlwapi.dll
0x00007ffd019b0000 - 0x00007ffd019c1000 	C:\WINDOWS\System32\kernel.appcore.dll
0x00007ffd01990000 - 0x00007ffd019af000 	C:\WINDOWS\System32\profapi.dll
0x00007ffd019d0000 - 0x00007ffd01a1c000 	C:\WINDOWS\System32\powrprof.dll
0x00007ffd01a20000 - 0x00007ffd01a2a000 	C:\WINDOWS\System32\FLTLIB.DLL
0x00007ffd00650000 - 0x00007ffd00659000 	C:\Program Files\Java\jre1.8.0_221\bin\dt_socket.dll
0x00007ffcf3810000 - 0x00007ffcf3826000 	C:\WINDOWS\system32\napinsp.dll
0x00007ffcf0e70000 - 0x00007ffcf0e8a000 	C:\WINDOWS\system32\pnrpnsp.dll
0x00007ffcfdc00000 - 0x00007ffcfdc19000 	C:\WINDOWS\system32\NLAapi.dll
0x00007ffd01210000 - 0x00007ffd01276000 	C:\WINDOWS\System32\mswsock.dll
0x00007ffd00fa0000 - 0x00007ffd0105e000 	C:\WINDOWS\SYSTEM32\DNSAPI.dll
0x00007ffd04c60000 - 0x00007ffd04c68000 	C:\WINDOWS\System32\NSI.dll
0x00007ffd00f60000 - 0x00007ffd00f98000 	C:\WINDOWS\SYSTEM32\IPHLPAPI.DLL
0x00007ffcf9320000 - 0x00007ffcf932e000 	C:\WINDOWS\System32\winrnr.dll
0x00007ffcf8d90000 - 0x00007ffcf8da5000 	C:\WINDOWS\System32\wshbth.dll
0x00007ffcf52c0000 - 0x00007ffcf5332000 	C:\WINDOWS\System32\fwpuclnt.dll
0x00007ffd014f0000 - 0x00007ffd01515000 	C:\WINDOWS\SYSTEM32\bcrypt.dll
0x00007ffcf65a0000 - 0x00007ffcf65aa000 	C:\Windows\System32\rasadhlp.dll
0x00007ffcd6e70000 - 0x00007ffcd7009000 	C:\Program Files\Java\jre1.8.0_221\bin\awt.dll
0x00007ffd02b10000 - 0x00007ffd02bd2000 	C:\WINDOWS\System32\OLEAUT32.dll
0x00007ffcff6f0000 - 0x00007ffcff77b000 	C:\WINDOWS\SYSTEM32\apphelp.dll
0x00007ffd013d0000 - 0x00007ffd013e7000 	C:\WINDOWS\SYSTEM32\CRYPTSP.dll
0x00007ffd00dc0000 - 0x00007ffd00df3000 	C:\WINDOWS\system32\rsaenh.dll
0x00007ffd018c0000 - 0x00007ffd018e8000 	C:\WINDOWS\SYSTEM32\USERENV.dll
0x00007ffd013c0000 - 0x00007ffd013cb000 	C:\WINDOWS\SYSTEM32\CRYPTBASE.dll
0x00007ffcc0aa0000 - 0x00007ffcc0aba000 	C:\Program Files\Java\jre1.8.0_221\bin\net.dll
0x00007ffcf50f0000 - 0x00007ffcf52ba000 	C:\WINDOWS\SYSTEM32\urlmon.dll
0x00007ffced760000 - 0x00007ffceda07000 	C:\WINDOWS\SYSTEM32\iertutil.dll
0x00007ffcf6930000 - 0x00007ffcf6946000 	C:\WINDOWS\SYSTEM32\dhcpcsvc6.DLL
0x00007ffcf7270000 - 0x00007ffcf728a000 	C:\WINDOWS\SYSTEM32\dhcpcsvc.DLL
0x00007ffcd1380000 - 0x00007ffcd1392000 	C:\Program Files\Java\jre1.8.0_221\bin\nio.dll
0x00007ffcf2210000 - 0x00007ffcf2241000 	C:\Program Files\Java\jre1.8.0_221\bin\jpeg.dll
0x00007ffcf1370000 - 0x00007ffcf13ae000 	C:\Program Files\Java\jre1.8.0_221\bin\lcms.dll
0x00007ffcffbd0000 - 0x00007ffcffbf9000 	C:\WINDOWS\system32\DWMAPI.DLL
0x00007ffcff8c0000 - 0x00007ffcff958000 	C:\WINDOWS\system32\uxtheme.dll
0x00007ffcee010000 - 0x00007ffcee067000 	C:\Users\Alex\AppData\Local\Temp\lwjglAlex\3.1.1-build-16\lwjgl.dll
0x00007ffcef530000 - 0x00007ffcef56e000 	C:\Users\Alex\AppData\Local\Temp\lwjglAlex\3.1.1-build-16\jemalloc.dll
0x00007ffcef400000 - 0x00007ffcef43c000 	C:\Users\Alex\AppData\Local\Temp\lwjglAlex\3.1.1-build-16\glfw.dll
0x00007ffcee0a0000 - 0x00007ffcee0e3000 	C:\WINDOWS\SYSTEM32\dinput8.dll
0x00007ffd00550000 - 0x00007ffd00560000 	C:\WINDOWS\SYSTEM32\xinput1_4.dll
0x00007ffd017a0000 - 0x00007ffd017c7000 	C:\WINDOWS\SYSTEM32\DEVOBJ.dll
0x00007ffceaeb0000 - 0x00007ffceaf29000 	C:\WINDOWS\SYSTEM32\inputhost.dll
0x00007ffcfd5a0000 - 0x00007ffcfd6ed000 	C:\WINDOWS\SYSTEM32\wintypes.dll
0x00007ffcff4e0000 - 0x00007ffcff5ba000 	C:\WINDOWS\SYSTEM32\CoreMessaging.dll
0x00007ffceab90000 - 0x00007ffceaeae000 	C:\WINDOWS\SYSTEM32\CoreUIComponents.dll
0x00007ffd00b60000 - 0x00007ffd00b91000 	C:\WINDOWS\SYSTEM32\ntmarta.dll
0x00007ffd004f0000 - 0x00007ffd004fc000 	C:\WINDOWS\SYSTEM32\HID.DLL
0x00007ffd03150000 - 0x00007ffd0359b000 	C:\WINDOWS\System32\SETUPAPI.DLL
0x00007ffd023e0000 - 0x00007ffd02437000 	C:\WINDOWS\System32\WINTRUST.dll
0x00007ffd01a30000 - 0x00007ffd01a42000 	C:\WINDOWS\System32\MSASN1.dll
0x00007ffd026b0000 - 0x00007ffd02892000 	C:\WINDOWS\System32\CRYPT32.dll
0x00007ffd03690000 - 0x00007ffd03803000 	C:\WINDOWS\System32\MSCTF.dll
0x00007ffcd7820000 - 0x00007ffcd7940000 	C:\WINDOWS\SYSTEM32\opengl32.dll
0x00007ffcedfe0000 - 0x00007ffcee00c000 	C:\WINDOWS\SYSTEM32\GLU32.dll
0x00007ffcd4cd0000 - 0x00007ffcd5ba9000 	C:\WINDOWS\System32\DriverStore\FileRepository\64zh4840.inf_amd64_64c3089455794432\ig9icd64.dll
0x00007ffd00040000 - 0x00007ffd00053000 	C:\WINDOWS\SYSTEM32\WTSAPI32.dll
0x00007ffd00720000 - 0x00007ffd007db000 	C:\WINDOWS\SYSTEM32\dxgi.dll
0x00007ffce7150000 - 0x00007ffce8752000 	C:\WINDOWS\System32\DriverStore\FileRepository\64zh4840.inf_amd64_64c3089455794432\igc64.dll
0x00007ffcf9b40000 - 0x00007ffcf9bab000 	C:\WINDOWS\system32\Oleacc.dll
0x00007ffceaf30000 - 0x00007ffceafc6000 	C:\WINDOWS\System32\TextInputFramework.dll
0x00007ffcedf80000 - 0x00007ffcedfdf000 	C:\Users\Alex\AppData\Local\Temp\lwjglAlex\3.1.1-build-16\lwjgl_opengl.dll
0x00007ffd02be0000 - 0x00007ffd02d31000 	C:\WINDOWS\System32\ole32.dll
0x00007ffd00320000 - 0x00007ffd004e9000 	C:\WINDOWS\SYSTEM32\dbghelp.dll

VM Arguments:
jvm_args: -agentlib:jdwp=transport=dt_socket,suspend=y,address=localhost:56780 -Djava.library.path=C:\thirdparty\opencv\build\java\x64 -javaagent:C:\Users\Alex\eclipse\java-2019-06\eclipse\configuration\org.eclipse.osgi\226\0\.cp\lib\javaagent-shaded.jar -Dfile.encoding=Cp1252 
java_command: com.bentonian.gldemos.implicitsurfacefinder.ImplicitSurfaceFinder
java_class_path (initial): C:\Users\Alex\Documents\Projects\Java\OpenGL Demos\bin;C:\Users\Alex\Documents\Projects\Java\framework\target\classes;C:\Users\Alex\.m2\repository\org\lwjgl\lwjgl\3.1.1\lwjgl-3.1.1.jar;C:\Users\Alex\.m2\repository\org\lwjgl\lwjgl-glfw\3.1.1\lwjgl-glfw-3.1.1.jar;C:\Users\Alex\.m2\repository\org\lwjgl\lwjgl-jemalloc\3.1.1\lwjgl-jemalloc-3.1.1.jar;C:\Users\Alex\.m2\repository\org\lwjgl\lwjgl-openal\3.1.1\lwjgl-openal-3.1.1.jar;C:\Users\Alex\.m2\repository\org\lwjgl\lwjgl-opengl\3.1.1\lwjgl-opengl-3.1.1.jar;C:\Users\Alex\.m2\repository\org\lwjgl\lwjgl-stb\3.1.1\lwjgl-stb-3.1.1.jar;C:\Users\Alex\.m2\repository\org\lwjgl\lwjgl\3.1.1\lwjgl-3.1.1-natives-windows.jar;C:\Users\Alex\.m2\repository\org\lwjgl\lwjgl-glfw\3.1.1\lwjgl-glfw-3.1.1-natives-windows.jar;C:\Users\Alex\.m2\repository\org\lwjgl\lwjgl-jemalloc\3.1.1\lwjgl-jemalloc-3.1.1-natives-windows.jar;C:\Users\Alex\.m2\repository\org\lwjgl\lwjgl-openal\3.1.1\lwjgl-openal-3.1.1-natives-windows.jar;C:\Users\Alex\.m2\repository\org\lwjgl\lwjgl-opengl\3.1.1\lwjgl-opengl-3.1.1-natives-windows.jar;C:\Users\Alex\.m2\repository\org\lwjgl\lwjgl-stb\3.1.1\lwjgl-stb-3.1.1-natives-windows.jar;C:\Users\Alex\.m2\repository\com\google\guava\guava\15.0\guava-15.0.jar;C:\Users\Alex\.m2\repository\org\saintandreas\jovr\0.4.2.0\jovr-0.4.2.0.jar;C:\Users\Alex\.m2\repository\net\java\dev\jna\jna\5.0.0-SNAPSHOT\jna-5.0.0-SNAPSHOT.jar;C:\Users\Alex\.m2\repository\com\google\code\findbugs\jsr305\2.0.3\jsr305-2.0.3.jar;C:\Users\Alex\.m2\repository\org\apache\httpcomponents\httpclient\4.4\httpclient-4.4.jar;C:\Users\Alex\.m2\repository\org\apache\httpcomponents\httpcore\4.4\httpcore-4.4.jar;C:\Users\Alex\.m2\repository\commons-logging\commons-logging\1.2\commons-logging-1.2.jar;C:\Users\Alex\.m2\repository\commons-codec\commons-codec\1.9\commons-codec-1.9.jar;C:\Users\Alex\.m2\repository\org\apache\httpcomponents\httpmime\4.4\httpmime-4.4.jar;C:\thirdparty\opencv\build\java\opencv-2413.jar;C:\Users\Alex\eclipse\java
Launcher Type: SUN_STANDARD

Environment Variables:
PATH=C:/Program Files/Java/jre1.8.0_221/bin/server;C:/Program Files/Java/jre1.8.0_221/bin;C:/Program Files/Java/jre1.8.0_221/lib/amd64;C:\Program Files (x86)\Common Files\Oracle\Java\javapath;C:\WINDOWS\system32;C:\WINDOWS;C:\WINDOWS\System32\Wbem;C:\WINDOWS\System32\WindowsPowerShell\v1.0\;C:\WINDOWS\System32\OpenSSH\;C:\Program Files\PuTTY\;C:\Program Files (x86)\NVIDIA Corporation\PhysX\Common;C:\Program Files\MiKTeX 2.9\miktex\bin\x64\;C:\Program Files\NVIDIA Corporation\NVIDIA NvDLISR;C:\Program Files (x86)\Calibre2\;C:\Program Files\Git\cmd;C:\Users\Alex\AppData\Local\Programs\Python\Python37\Scripts\;C:\Users\Alex\AppData\Local\Programs\Python\Python37\;C:\Users\Alex\AppData\Local\Microsoft\WindowsApps;C:\Users\Alex\AppData\Local\GitHubDesktop\bin;C:\Program Files (x86)\UnrarDLL;;C:\Program Files\JetBrains\IntelliJ IDEA Community Edition 2019.1.3\bin;;C:\Users\Alex\eclipse\java-2019-06\eclipse;
USERNAME=Alex
OS=Windows_NT
PROCESSOR_IDENTIFIER=Intel64 Family 6 Model 142 Stepping 10, GenuineIntel



---------------  S Y S T E M  ---------------

OS: Windows 10.0 , 64 bit Build 17134 (10.0.17134.753)

CPU:total 8 (initial active 8) (4 cores per cpu, 2 threads per core) family 6 model 142 stepping 10, cmov, cx8, fxsr, mmx, sse, sse2, sse3, ssse3, sse4.1, sse4.2, popcnt, avx, avx2, aes, clmul, erms, rtm, 3dnowpref, lzcnt, ht, tsc, tscinvbit, bmi1, bmi2, adx

Memory: 4k page, physical 16700332k(8655392k free), swap 19190700k(8051632k free)

vm_info: Java HotSpot(TM) 64-Bit Server VM (25.221-b11) for windows-amd64 JRE (1.8.0_221-b11), built on Jul  4 2019 04:39:29 by "java_re" with MS VC++ 10.0 (VS2010)

time: Fri Sep 20 21:11:29 2019
timezone: GMT Daylight Time
elapsed time: 320 seconds (0d 0h 5m 20s)

