#
# A fatal error has been detected by the Java Runtime Environment:
#
#  EXCEPTION_ACCESS_VIOLATION (0xc0000005) at pc=0x00007ffd056aee9d, pid=4948, tid=0x00000000000032f8
#
# JRE version: Java(TM) SE Runtime Environment (8.0_221-b11) (build 1.8.0_221-b11)
# Java VM: Java HotSpot(TM) 64-Bit Server VM (25.221-b11 mixed mode windows-amd64 compressed oops)
# Problematic frame:
# C  [ntdll.dll+0x1ee9d]
#
# Failed to write core dump. Minidumps are not enabled by default on client versions of Windows
#
# If you would like to submit a bug report, please visit:
#   http://bugreport.java.com/bugreport/crash.jsp
# The crash happened outside the Java Virtual Machine in native code.
# See problematic frame for where to report the bug.
#

---------------  T H R E A D  ---------------

Current thread (0x0000000002693800):  JavaThread "main" [_thread_in_native, id=13048, stack(0x00000000023c0000,0x00000000024c0000)]

siginfo: ExceptionCode=0xc0000005, writing address 0x0000000000000008

Registers:
RAX=0x00000000005c8000, RBX=0x00007ffce7e47ad0, RCX=0x0000000000000000, RDX=0x00000000000006e0
RSP=0x00000000024bb7c0, RBP=0x00000000024bbe40, RSI=0x0000000000000001, RDI=0x0000000000000000
R8 =0x0000000000353f00, R9 =0x0000000000008000, R10=0x00000000024bb870, R11=0x0000000030617850
R12=0x00007ffce78d9af0, R13=0x0000000024c11ee8, R14=0x00007ffce7150000, R15=0x0000000000000001
RIP=0x00007ffd056aee9d, EFLAGS=0x0000000000010206

Top of Stack: (sp=0x00000000024bb7c0)
0x00000000024bb7c0:   0000000024c11ee8 0000000000000208
0x00000000024bb7d0:   00007ffce78d9af0 00000000024bb870
0x00000000024bb7e0:   00000000024bbe40 00007ffce788389d
0x00000000024bb7f0:   0000000000000104 0000000000000104
0x00000000024bb800:   0000000000000200 0000000000000000
0x00000000024bb810:   0000000000000000 00007ffce788a20a
0x00000000024bb820:   0000000030617850 0000000001040030
0x00000000024bb830:   00000000024bb870 0000b7247f9ae606
0x00000000024bb840:   0000000000000000 00007ffce716d38c
0x00000000024bb850:   0000000000000000 0000000000000000
0x00000000024bb860:   0000000000000000 00007ffce56d75f4
0x00000000024bb870:   72676f72505c3a43 73656c6946206d61
0x00000000024bb880:   726a5c6176614a5c 325f302e382e3165
0x00000000024bb890:   6a5c6e69625c3132 6578652e77617661
0x00000000024bb8a0:   ffffffffffffff00 00007ffd025bfb5d
0x00000000024bb8b0:   0000000000000001 00007ffcf9b40000 

Instructions: (pc=0x00007ffd056aee9d)
0x00007ffd056aee7d:   5e c3 f0 ff 43 38 eb c8 cc cc cc cc cc cc cc cc
0x00007ffd056aee8d:   cc cc cc 48 83 ec 28 65 48 8b 04 25 30 00 00 00
0x00007ffd056aee9d:   f0 0f ba 71 08 00 48 8b 40 48 73 12 48 89 41 10
0x00007ffd056aeead:   33 c0 c7 41 0c 01 00 00 00 48 83 c4 28 c3 48 39 


Register to memory mapping:

RAX=0x00000000005c8000 is an unknown value
RBX=0x00007ffce7e47ad0 is an unknown value
RCX=0x0000000000000000 is an unknown value
RDX=0x00000000000006e0 is an unknown value
RSP=0x00000000024bb7c0 is pointing into the stack for thread: 0x0000000002693800
RBP=0x00000000024bbe40 is pointing into the stack for thread: 0x0000000002693800
RSI=0x0000000000000001 is an unknown value
RDI=0x0000000000000000 is an unknown value
R8 =0x0000000000353f00 is an unknown value
R9 =0x0000000000008000 is an unknown value
R10=0x00000000024bb870 is pointing into the stack for thread: 0x0000000002693800
R11=0x0000000030617850 is an unknown value
R12=0x00007ffce78d9af0 is an unknown value
R13=0x0000000024c11ee8 is an unknown value
R14=0x00007ffce7150000 is an unknown value
R15=0x0000000000000001 is an unknown value


Stack: [0x00000000023c0000,0x00000000024c0000],  sp=0x00000000024bb7c0,  free space=1005k
Native frames: (J=compiled Java code, j=interpreted, Vv=VM code, C=native code)
C  [ntdll.dll+0x1ee9d]
C  [igc64.dll+0x73389d]
C  [igc64.dll+0x73a20a]
C  [igc64.dll+0x1d38c]
C  [igc64.dll+0x789a14]
C  [ntdll.dll+0x3b583]
C  [ntdll.dll+0x47f85]
C  [ntdll.dll+0x47e48]
C  [KERNEL32.DLL+0x1ca7a]
C  [igc64.dll+0x7b600c]
C  [igc64.dll+0x7b5fa8]
C  [igc64.dll+0x5ee2c2]
C  [igc64.dll+0x3eba45]
C  [igc64.dll+0x3f7813]
C  [igc64.dll+0x3ede93]
C  [igc64.dll+0x3ee431]
C  [igc64.dll+0x60a31b]
C  [igc64.dll+0x3ec6c1]
C  [igc64.dll+0x3ece61]
C  [igc64.dll+0x3ef96b]
C  [igc64.dll+0x3d656]
C  [igc64.dll+0x51318]
C  [igc64.dll+0x4c5a4]
C  [ig9icd64.dll+0x918981]
C  [ig9icd64.dll+0x919671]
C  [ig9icd64.dll+0x919751]
C  [ig9icd64.dll+0x91a089]
C  [ig9icd64.dll+0x919d4c]
C  [ig9icd64.dll+0x9199c3]
C  [ig9icd64.dll+0x1bc264]
C  [ig9icd64.dll+0x1b5e4a]
C  [ig9icd64.dll+0x1bd70e]
C  [ig9icd64.dll+0x22694]
C  [ig9icd64.dll+0x22513]
C  [ig9icd64.dll+0x24a06]
C  [ig9icd64.dll+0x247ab]
C  [ig9icd64.dll+0x3281f]
C  [ig9icd64.dll+0x329c7]
C  [ig9icd64.dll+0x32b85]
C  0x00000000027b1df0

Java frames: (J=compiled Java code, j=interpreted, Vv=VM code)
j  org.lwjgl.opengl.GL20.nglLinkProgram(I)V+0
j  org.lwjgl.opengl.GL20.glLinkProgram(I)V+1
j  com.bentonian.framework.ui.ShaderUtil.compileProgram(II)I+15
j  com.bentonian.framework.ui.ShaderAutoloader.updateProgram()V+49
J 1195 C1 com.bentonian.gldemos.gpurender.GPURenderDemo.preDraw()V (12 bytes) @ 0x0000000002cffe2c [0x0000000002cffce0+0x14c]
J 1194 C1 com.bentonian.framework.ui.GLWindowedCanvas.mainLoop()V (13 bytes) @ 0x0000000002d0036c [0x0000000002d00260+0x10c]
j  com.bentonian.framework.ui.GLWindowedCanvas.run()V+8
j  com.bentonian.gldemos.gpurender.GPURenderDemo.main([Ljava/lang/String;)V+7
v  ~StubRoutines::call_stub

---------------  P R O C E S S  ---------------

Java Threads: ( => current thread )
  0x00000000240ab000 JavaThread "Thread-1" [_thread_blocked, id=18452, stack(0x0000000024a60000,0x0000000024b60000)]
  0x000000001fd46000 JavaThread "Java2D Disposer" daemon [_thread_blocked, id=16404, stack(0x0000000020e80000,0x0000000020f80000)]
  0x000000001e3b0800 JavaThread "Service Thread" daemon [_thread_blocked, id=17784, stack(0x000000001f370000,0x000000001f470000)]
  0x000000001e321800 JavaThread "C1 CompilerThread3" daemon [_thread_blocked, id=16940, stack(0x000000001f270000,0x000000001f370000)]
  0x000000001e320800 JavaThread "C2 CompilerThread2" daemon [_thread_blocked, id=12996, stack(0x000000001f170000,0x000000001f270000)]
  0x000000001e320000 JavaThread "C2 CompilerThread1" daemon [_thread_blocked, id=8884, stack(0x000000001f070000,0x000000001f170000)]
  0x000000001e315000 JavaThread "C2 CompilerThread0" daemon [_thread_blocked, id=8372, stack(0x000000001ef70000,0x000000001f070000)]
  0x000000001e187000 JavaThread "JDWP Command Reader" daemon [_thread_in_native, id=16832, stack(0x000000001ee70000,0x000000001ef70000)]
  0x000000001e180000 JavaThread "JDWP Event Helper Thread" daemon [_thread_blocked, id=5392, stack(0x000000001ed70000,0x000000001ee70000)]
  0x000000001e173000 JavaThread "JDWP Transport Listener: dt_socket" daemon [_thread_blocked, id=11692, stack(0x000000001ec70000,0x000000001ed70000)]
  0x000000001e169800 JavaThread "Attach Listener" daemon [_thread_blocked, id=18792, stack(0x000000001e830000,0x000000001e930000)]
  0x000000001c25e800 JavaThread "Signal Dispatcher" daemon [_thread_blocked, id=1440, stack(0x000000001e730000,0x000000001e830000)]
  0x000000001e160800 JavaThread "Finalizer" daemon [_thread_blocked, id=4504, stack(0x000000001e540000,0x000000001e640000)]
  0x000000000278a000 JavaThread "Reference Handler" daemon [_thread_blocked, id=10448, stack(0x000000001e040000,0x000000001e140000)]
=>0x0000000002693800 JavaThread "main" [_thread_in_native, id=13048, stack(0x00000000023c0000,0x00000000024c0000)]

Other Threads:
  0x000000001c24a000 VMThread [stack: 0x000000001df40000,0x000000001e040000] [id=2480]
  0x000000001e440800 WatcherThread [stack: 0x000000001f470000,0x000000001f570000] [id=16728]

VM state:not at safepoint (normal execution)

VM Mutex/Monitor currently owned by a thread: None

heap address: 0x00000006c1200000, size: 4078 MB, Compressed Oops mode: Zero based, Oop shift amount: 3
Narrow klass base: 0x0000000000000000, Narrow klass shift: 3
Compressed class space size: 1073741824 Address: 0x00000007c0000000

Heap:
 PSYoungGen      total 283648K, used 212952K [0x000000076b100000, 0x000000077dd00000, 0x00000007c0000000)
  eden space 261632K, 78% used [0x000000076b100000,0x0000000777a044b0,0x000000077b080000)
  from space 22016K, 32% used [0x000000077c680000,0x000000077cd71d38,0x000000077dc00000)
  to   space 22528K, 0% used [0x000000077b080000,0x000000077b080000,0x000000077c680000)
 ParOldGen       total 175104K, used 84437K [0x00000006c1200000, 0x00000006cbd00000, 0x000000076b100000)
  object space 175104K, 48% used [0x00000006c1200000,0x00000006c64755c0,0x00000006cbd00000)
 Metaspace       used 13299K, capacity 13491K, committed 13696K, reserved 1060864K
  class space    used 1260K, capacity 1341K, committed 1408K, reserved 1048576K

Card table byte_map: [0x0000000011b50000,0x0000000012350000] byte_map_base: 0x000000000e547000

Marking Bits: (ParMarkBitMap*) 0x0000000052825ce0
 Begin Bits: [0x00000000130a0000, 0x0000000017058000)
 End Bits:   [0x0000000017058000, 0x000000001b010000)

Polling page: 0x00000000024c0000

CodeCache: size=245760Kb used=5852Kb max_used=5864Kb free=239907Kb
 bounds [0x0000000002790000, 0x0000000002d50000, 0x0000000011790000]
 total_blobs=2192 nmethods=1284 adapters=829
 compilation: enabled

Compilation events (10 events):
Event: 66.709 Thread 0x000000001e321800 1280       3       com.bentonian.framework.ui.ShaderAutoloader::access$2 (5 bytes)
Event: 66.709 Thread 0x000000001e321800 nmethod 1280 0x0000000002d3b350 code [0x0000000002d3b4a0, 0x0000000002d3b5f0]
Event: 67.211 Thread 0x000000001e320000 1281       4       java.io.File::isInvalid (47 bytes)
Event: 67.214 Thread 0x000000001e320000 nmethod 1281 0x0000000002d42bd0 code [0x0000000002d42d20, 0x0000000002d42f38]
Event: 75.762 Thread 0x000000001e315000 1282       4       java.lang.StringBuilder::toString (17 bytes)
Event: 75.763 Thread 0x000000001e321800 1283       3       java.util.regex.Matcher::reset (83 bytes)
Event: 75.763 Thread 0x000000001e321800 nmethod 1283 0x0000000002d423d0 code [0x0000000002d42560, 0x0000000002d42a08]
Event: 75.764 Thread 0x000000001e321800 1284       1       java.lang.String::toString (2 bytes)
Event: 75.764 Thread 0x000000001e321800 nmethod 1284 0x0000000002d45c10 code [0x0000000002d45d60, 0x0000000002d45e70]
Event: 75.769 Thread 0x000000001e315000 nmethod 1282 0x0000000002d43e50 code [0x0000000002d43fc0, 0x0000000002d443d8]

GC Heap History (10 events):
Event: 3.509 GC heap before
{Heap before GC invocations=2 (full 0):
 PSYoungGen      total 76288K, used 76268K [0x000000076b100000, 0x0000000770600000, 0x00000007c0000000)
  eden space 65536K, 100% used [0x000000076b100000,0x000000076f100000,0x000000076f100000)
  from space 10752K, 99% used [0x000000076f100000,0x000000076fb7b0b0,0x000000076fb80000)
  to   space 10752K, 0% used [0x000000076fb80000,0x000000076fb80000,0x0000000770600000)
 ParOldGen       total 175104K, used 57802K [0x00000006c1200000, 0x00000006cbd00000, 0x000000076b100000)
  object space 175104K, 33% used [0x00000006c1200000,0x00000006c4a72858,0x00000006cbd00000)
 Metaspace       used 13142K, capacity 13419K, committed 13696K, reserved 1060864K
  class space    used 1253K, capacity 1341K, committed 1408K, reserved 1048576K
Event: 3.521 GC heap after
Heap after GC invocations=2 (full 0):
 PSYoungGen      total 76288K, used 10728K [0x000000076b100000, 0x0000000770600000, 0x00000007c0000000)
  eden space 65536K, 0% used [0x000000076b100000,0x000000076b100000,0x000000076f100000)
  from space 10752K, 99% used [0x000000076fb80000,0x00000007705fa360,0x0000000770600000)
  to   space 10752K, 0% used [0x000000076f100000,0x000000076f100000,0x000000076fb80000)
 ParOldGen       total 175104K, used 65566K [0x00000006c1200000, 0x00000006cbd00000, 0x000000076b100000)
  object space 175104K, 37% used [0x00000006c1200000,0x00000006c5207b88,0x00000006cbd00000)
 Metaspace       used 13142K, capacity 13419K, committed 13696K, reserved 1060864K
  class space    used 1253K, capacity 1341K, committed 1408K, reserved 1048576K
}
Event: 3.733 GC heap before
{Heap before GC invocations=3 (full 0):
 PSYoungGen      total 76288K, used 76264K [0x000000076b100000, 0x0000000770600000, 0x00000007c0000000)
  eden space 65536K, 100% used [0x000000076b100000,0x000000076f100000,0x000000076f100000)
  from space 10752K, 99% used [0x000000076fb80000,0x00000007705fa360,0x0000000770600000)
  to   space 10752K, 0% used [0x000000076f100000,0x000000076f100000,0x000000076fb80000)
 ParOldGen       total 175104K, used 65566K [0x00000006c1200000, 0x00000006cbd00000, 0x000000076b100000)
  object space 175104K, 37% used [0x00000006c1200000,0x00000006c5207b88,0x00000006cbd00000)
 Metaspace       used 13146K, capacity 13419K, committed 13696K, reserved 1060864K
  class space    used 1253K, capacity 1341K, committed 1408K, reserved 1048576K
Event: 3.739 GC heap after
Heap after GC invocations=3 (full 0):
 PSYoungGen      total 76288K, used 10597K [0x000000076b100000, 0x0000000774600000, 0x00000007c0000000)
  eden space 65536K, 0% used [0x000000076b100000,0x000000076b100000,0x000000076f100000)
  from space 10752K, 98% used [0x000000076f100000,0x000000076fb594e8,0x000000076fb80000)
  to   space 10752K, 0% used [0x0000000773b80000,0x0000000773b80000,0x0000000774600000)
 ParOldGen       total 175104K, used 71718K [0x00000006c1200000, 0x00000006cbd00000, 0x000000076b100000)
  object space 175104K, 40% used [0x00000006c1200000,0x00000006c5809ba8,0x00000006cbd00000)
 Metaspace       used 13146K, capacity 13419K, committed 13696K, reserved 1060864K
  class space    used 1253K, capacity 1341K, committed 1408K, reserved 1048576K
}
Event: 4.048 GC heap before
{Heap before GC invocations=4 (full 0):
 PSYoungGen      total 76288K, used 76133K [0x000000076b100000, 0x0000000774600000, 0x00000007c0000000)
  eden space 65536K, 100% used [0x000000076b100000,0x000000076f100000,0x000000076f100000)
  from space 10752K, 98% used [0x000000076f100000,0x000000076fb594e8,0x000000076fb80000)
  to   space 10752K, 0% used [0x0000000773b80000,0x0000000773b80000,0x0000000774600000)
 ParOldGen       total 175104K, used 71718K [0x00000006c1200000, 0x00000006cbd00000, 0x000000076b100000)
  object space 175104K, 40% used [0x00000006c1200000,0x00000006c5809ba8,0x00000006cbd00000)
 Metaspace       used 13146K, capacity 13419K, committed 13696K, reserved 1060864K
  class space    used 1253K, capacity 1341K, committed 1408K, reserved 1048576K
Event: 4.055 GC heap after
Heap after GC invocations=4 (full 0):
 PSYoungGen      total 141824K, used 10743K [0x000000076b100000, 0x0000000774600000, 0x00000007c0000000)
  eden space 131072K, 0% used [0x000000076b100000,0x000000076b100000,0x0000000773100000)
  from space 10752K, 99% used [0x0000000773b80000,0x00000007745fdf58,0x0000000774600000)
  to   space 10752K, 0% used [0x0000000773100000,0x0000000773100000,0x0000000773b80000)
 ParOldGen       total 175104K, used 78277K [0x00000006c1200000, 0x00000006cbd00000, 0x000000076b100000)
  object space 175104K, 44% used [0x00000006c1200000,0x00000006c5e715a0,0x00000006cbd00000)
 Metaspace       used 13146K, capacity 13419K, committed 13696K, reserved 1060864K
  class space    used 1253K, capacity 1341K, committed 1408K, reserved 1048576K
}
Event: 4.597 GC heap before
{Heap before GC invocations=5 (full 0):
 PSYoungGen      total 141824K, used 141815K [0x000000076b100000, 0x0000000774600000, 0x00000007c0000000)
  eden space 131072K, 100% used [0x000000076b100000,0x0000000773100000,0x0000000773100000)
  from space 10752K, 99% used [0x0000000773b80000,0x00000007745fdf58,0x0000000774600000)
  to   space 10752K, 0% used [0x0000000773100000,0x0000000773100000,0x0000000773b80000)
 ParOldGen       total 175104K, used 78277K [0x00000006c1200000, 0x00000006cbd00000, 0x000000076b100000)
  object space 175104K, 44% used [0x00000006c1200000,0x00000006c5e715a0,0x00000006cbd00000)
 Metaspace       used 13146K, capacity 13419K, committed 13696K, reserved 1060864K
  class space    used 1253K, capacity 1341K, committed 1408K, reserved 1048576K
Event: 4.602 GC heap after
Heap after GC invocations=5 (full 0):
 PSYoungGen      total 141824K, used 9630K [0x000000076b100000, 0x000000077dc00000, 0x00000007c0000000)
  eden space 131072K, 0% used [0x000000076b100000,0x000000076b100000,0x0000000773100000)
  from space 10752K, 89% used [0x0000000773100000,0x0000000773a67910,0x0000000773b80000)
  to   space 22016K, 0% used [0x000000077c680000,0x000000077c680000,0x000000077dc00000)
 ParOldGen       total 175104K, used 84429K [0x00000006c1200000, 0x00000006cbd00000, 0x000000076b100000)
  object space 175104K, 48% used [0x00000006c1200000,0x00000006c64735c0,0x00000006cbd00000)
 Metaspace       used 13146K, capacity 13419K, committed 13696K, reserved 1060864K
  class space    used 1253K, capacity 1341K, committed 1408K, reserved 1048576K
}
Event: 5.066 GC heap before
{Heap before GC invocations=6 (full 0):
 PSYoungGen      total 141824K, used 140702K [0x000000076b100000, 0x000000077dc00000, 0x00000007c0000000)
  eden space 131072K, 100% used [0x000000076b100000,0x0000000773100000,0x0000000773100000)
  from space 10752K, 89% used [0x0000000773100000,0x0000000773a67910,0x0000000773b80000)
  to   space 22016K, 0% used [0x000000077c680000,0x000000077c680000,0x000000077dc00000)
 ParOldGen       total 175104K, used 84429K [0x00000006c1200000, 0x00000006cbd00000, 0x000000076b100000)
  object space 175104K, 48% used [0x00000006c1200000,0x00000006c64735c0,0x00000006cbd00000)
 Metaspace       used 13146K, capacity 13419K, committed 13696K, reserved 1060864K
  class space    used 1253K, capacity 1341K, committed 1408K, reserved 1048576K
Event: 5.069 GC heap after
Heap after GC invocations=6 (full 0):
 PSYoungGen      total 283648K, used 7111K [0x000000076b100000, 0x000000077dd00000, 0x00000007c0000000)
  eden space 261632K, 0% used [0x000000076b100000,0x000000076b100000,0x000000077b080000)
  from space 22016K, 32% used [0x000000077c680000,0x000000077cd71d38,0x000000077dc00000)
  to   space 22528K, 0% used [0x000000077b080000,0x000000077b080000,0x000000077c680000)
 ParOldGen       total 175104K, used 84437K [0x00000006c1200000, 0x00000006cbd00000, 0x000000076b100000)
  object space 175104K, 48% used [0x00000006c1200000,0x00000006c64755c0,0x00000006cbd00000)
 Metaspace       used 13146K, capacity 13419K, committed 13696K, reserved 1060864K
  class space    used 1253K, capacity 1341K, committed 1408K, reserved 1048576K
}

Deoptimization events (2 events):
Event: 1.447 Thread 0x0000000002693800 Uncommon trap: reason=unstable_if action=reinterpret pc=0x0000000002a709fc method=sun.awt.image.ByteInterleavedRaster.putByteData(IIII[B)V @ 395
Event: 3.077 Thread 0x0000000002693800 Uncommon trap: reason=unstable_if action=reinterpret pc=0x0000000002ab0e8c method=java.io.BufferedInputStream.read1([BII)I @ 22

Classes redefined (0 events):
No events

Internal exceptions (10 events):
Event: 1.101 Thread 0x0000000002693800 Exception <a 'java/security/PrivilegedActionException'> (0x000000076be81200) thrown at [C:\re\workspace\8-2-build-windows-amd64-cygwin\jdk8u221\13320\hotspot\src\share\vm\prims\jvm.cpp, line 1502]
Event: 1.102 Thread 0x0000000002693800 Exception <a 'java/security/PrivilegedActionException'> (0x000000076be81410) thrown at [C:\re\workspace\8-2-build-windows-amd64-cygwin\jdk8u221\13320\hotspot\src\share\vm\prims\jvm.cpp, line 1502]
Event: 1.124 Thread 0x0000000002693800 Exception <a 'java/io/FileNotFoundException'> (0x000000076bedfc00) thrown at [C:\re\workspace\8-2-build-windows-amd64-cygwin\jdk8u221\13320\hotspot\src\share\vm\prims\jni.cpp, line 710]
Event: 1.160 Thread 0x0000000002693800 Exception <a 'java/lang/NoSuchFieldError': method resolution failed> (0x000000076c003a60) thrown at [C:\re\workspace\8-2-build-windows-amd64-cygwin\jdk8u221\13320\hotspot\src\share\vm\prims\methodHandles.cpp, line 1167]
Event: 1.166 Thread 0x0000000002693800 Exception <a 'java/lang/NoSuchFieldError': method resolution failed> (0x000000076c011c18) thrown at [C:\re\workspace\8-2-build-windows-amd64-cygwin\jdk8u221\13320\hotspot\src\share\vm\prims\methodHandles.cpp, line 1167]
Event: 1.475 Thread 0x0000000002693800 Exception <a 'java/io/FileNotFoundException'> (0x000000076cdbe008) thrown at [C:\re\workspace\8-2-build-windows-amd64-cygwin\jdk8u221\13320\hotspot\src\share\vm\prims\jni.cpp, line 710]
Event: 2.642 Thread 0x0000000002693800 Exception <a 'sun/nio/fs/WindowsException'> (0x000000076c9d4330) thrown at [C:\re\workspace\8-2-build-windows-amd64-cygwin\jdk8u221\13320\hotspot\src\share\vm\prims\jni.cpp, line 710]
Event: 2.642 Thread 0x0000000002693800 Exception <a 'sun/nio/fs/WindowsException'> (0x000000076c9d4910) thrown at [C:\re\workspace\8-2-build-windows-amd64-cygwin\jdk8u221\13320\hotspot\src\share\vm\prims\jni.cpp, line 710]
Event: 2.643 Thread 0x0000000002693800 Exception <a 'sun/nio/fs/WindowsException'> (0x000000076c9d63a8) thrown at [C:\re\workspace\8-2-build-windows-amd64-cygwin\jdk8u221\13320\hotspot\src\share\vm\prims\jni.cpp, line 710]
Event: 2.643 Thread 0x0000000002693800 Exception <a 'sun/nio/fs/WindowsException'> (0x000000076c9d68b0) thrown at [C:\re\workspace\8-2-build-windows-amd64-cygwin\jdk8u221\13320\hotspot\src\share\vm\prims\jni.cpp, line 710]

Events (10 events):
Event: 19.830 Executing VM operation: RevokeBias
Event: 19.830 Executing VM operation: RevokeBias done
Event: 19.830 Thread 0x0000000002693800 DEOPT PACKING pc=0x0000000002992ba4 sp=0x00000000024bccd0
Event: 19.830 Thread 0x0000000002693800 DEOPT UNPACKING pc=0x00000000027d7890 sp=0x00000000024bcaf0 mode 1
Event: 19.830 Executing VM operation: RevokeBias
Event: 19.830 Executing VM operation: RevokeBias done
Event: 19.830 Thread 0x0000000002693800 DEOPT PACKING pc=0x000000000299293c sp=0x00000000024bce60
Event: 19.830 Thread 0x0000000002693800 DEOPT UNPACKING pc=0x00000000027d7890 sp=0x00000000024bcc80 mode 1
Event: 51.774 loading class java/nio/DirectByteBuffer$1
Event: 51.775 loading class java/nio/DirectByteBuffer$1 done


Dynamic libraries:
0x00007ff622080000 - 0x00007ff6220b7000 	C:\Program Files\Java\jre1.8.0_221\bin\javaw.exe
0x00007ffd05690000 - 0x00007ffd05871000 	C:\WINDOWS\SYSTEM32\ntdll.dll
0x00007ffd04c70000 - 0x00007ffd04d21000 	C:\WINDOWS\System32\KERNEL32.DLL
0x00007ffd01a50000 - 0x00007ffd01cc3000 	C:\WINDOWS\System32\KERNELBASE.dll
0x00007ffd04dd0000 - 0x00007ffd04e71000 	C:\WINDOWS\System32\ADVAPI32.dll
0x00007ffd05030000 - 0x00007ffd050ce000 	C:\WINDOWS\System32\msvcrt.dll
0x00007ffd02d70000 - 0x00007ffd02dcb000 	C:\WINDOWS\System32\sechost.dll
0x00007ffd04e80000 - 0x00007ffd04fa4000 	C:\WINDOWS\System32\RPCRT4.dll
0x00007ffd054d0000 - 0x00007ffd05660000 	C:\WINDOWS\System32\USER32.dll
0x00007ffd024f0000 - 0x00007ffd02510000 	C:\WINDOWS\System32\win32u.dll
0x00007ffd05170000 - 0x00007ffd05198000 	C:\WINDOWS\System32\GDI32.dll
0x00007ffd028f0000 - 0x00007ffd02a81000 	C:\WINDOWS\System32\gdi32full.dll
0x00007ffd02510000 - 0x00007ffd025af000 	C:\WINDOWS\System32\msvcp_win.dll
0x00007ffd025b0000 - 0x00007ffd026a8000 	C:\WINDOWS\System32\ucrtbase.dll
0x00007ffcf4d70000 - 0x00007ffcf4fd9000 	C:\WINDOWS\WinSxS\amd64_microsoft.windows.common-controls_6595b64144ccf1df_6.0.17134.1006_none_d3fbb8f77c940c3f\COMCTL32.dll
0x00007ffd051a0000 - 0x00007ffd054c1000 	C:\WINDOWS\System32\combase.dll
0x00007ffd02a90000 - 0x00007ffd02b09000 	C:\WINDOWS\System32\bcryptPrimitives.dll
0x00007ffd04d30000 - 0x00007ffd04d5d000 	C:\WINDOWS\System32\IMM32.DLL
0x0000000052f70000 - 0x0000000053042000 	C:\Program Files\Java\jre1.8.0_221\bin\msvcr100.dll
0x0000000052000000 - 0x00000000528a5000 	C:\Program Files\Java\jre1.8.0_221\bin\server\jvm.dll
0x00007ffd02d40000 - 0x00007ffd02d48000 	C:\WINDOWS\System32\PSAPI.DLL
0x00007ffcf31e0000 - 0x00007ffcf31e9000 	C:\WINDOWS\SYSTEM32\WSOCK32.dll
0x00007ffcee600000 - 0x00007ffcee623000 	C:\WINDOWS\SYSTEM32\WINMM.dll
0x00007ffcf8d30000 - 0x00007ffcf8d3a000 	C:\WINDOWS\SYSTEM32\VERSION.dll
0x00007ffd04d60000 - 0x00007ffd04dcc000 	C:\WINDOWS\System32\WS2_32.dll
0x00007ffcee5d0000 - 0x00007ffcee5fa000 	C:\WINDOWS\SYSTEM32\WINMMBASE.dll
0x00007ffd028a0000 - 0x00007ffd028e9000 	C:\WINDOWS\System32\cfgmgr32.dll
0x00007ffcf9a00000 - 0x00007ffcf9a0f000 	C:\Program Files\Java\jre1.8.0_221\bin\verify.dll
0x00007ffccfc70000 - 0x00007ffccfc99000 	C:\Program Files\Java\jre1.8.0_221\bin\java.dll
0x00007ffd00590000 - 0x00007ffd005c5000 	C:\Program Files\Java\jre1.8.0_221\bin\jdwp.dll
0x00007ffd00580000 - 0x00007ffd00588000 	C:\Program Files\Java\jre1.8.0_221\bin\npt.dll
0x00007ffcfa370000 - 0x00007ffcfa393000 	C:\Program Files\Java\jre1.8.0_221\bin\instrument.dll
0x00007ffcd35c0000 - 0x00007ffcd35d6000 	C:\Program Files\Java\jre1.8.0_221\bin\zip.dll
0x00007ffd03810000 - 0x00007ffd04c52000 	C:\WINDOWS\System32\SHELL32.dll
0x00007ffd02e90000 - 0x00007ffd02f39000 	C:\WINDOWS\System32\shcore.dll
0x00007ffd01cd0000 - 0x00007ffd023de000 	C:\WINDOWS\System32\windows.storage.dll
0x00007ffd02e30000 - 0x00007ffd02e81000 	C:\WINDOWS\System32\shlwapi.dll
0x00007ffd019b0000 - 0x00007ffd019c1000 	C:\WINDOWS\System32\kernel.appcore.dll
0x00007ffd01990000 - 0x00007ffd019af000 	C:\WINDOWS\System32\profapi.dll
0x00007ffd019d0000 - 0x00007ffd01a1c000 	C:\WINDOWS\System32\powrprof.dll
0x00007ffd01a20000 - 0x00007ffd01a2a000 	C:\WINDOWS\System32\FLTLIB.DLL
0x00007ffd00570000 - 0x00007ffd00579000 	C:\Program Files\Java\jre1.8.0_221\bin\dt_socket.dll
0x00007ffcf3810000 - 0x00007ffcf3826000 	C:\WINDOWS\system32\napinsp.dll
0x00007ffcf0e70000 - 0x00007ffcf0e8a000 	C:\WINDOWS\system32\pnrpnsp.dll
0x00007ffcfdc00000 - 0x00007ffcfdc19000 	C:\WINDOWS\system32\NLAapi.dll
0x00007ffd01210000 - 0x00007ffd01276000 	C:\WINDOWS\System32\mswsock.dll
0x00007ffd00fa0000 - 0x00007ffd0105e000 	C:\WINDOWS\SYSTEM32\DNSAPI.dll
0x00007ffd04c60000 - 0x00007ffd04c68000 	C:\WINDOWS\System32\NSI.dll
0x00007ffd00f60000 - 0x00007ffd00f98000 	C:\WINDOWS\SYSTEM32\IPHLPAPI.DLL
0x00007ffcf9320000 - 0x00007ffcf932e000 	C:\WINDOWS\System32\winrnr.dll
0x00007ffcf8d90000 - 0x00007ffcf8da5000 	C:\WINDOWS\System32\wshbth.dll
0x00007ffcf52c0000 - 0x00007ffcf5332000 	C:\WINDOWS\System32\fwpuclnt.dll
0x00007ffd014f0000 - 0x00007ffd01515000 	C:\WINDOWS\SYSTEM32\bcrypt.dll
0x00007ffcf65a0000 - 0x00007ffcf65aa000 	C:\Windows\System32\rasadhlp.dll
0x00007ffcee000000 - 0x00007ffcee199000 	C:\Program Files\Java\jre1.8.0_221\bin\awt.dll
0x00007ffd02b10000 - 0x00007ffd02bd2000 	C:\WINDOWS\System32\OLEAUT32.dll
0x00007ffcff6f0000 - 0x00007ffcff77b000 	C:\WINDOWS\SYSTEM32\apphelp.dll
0x00007ffd013d0000 - 0x00007ffd013e7000 	C:\WINDOWS\SYSTEM32\CRYPTSP.dll
0x00007ffd00dc0000 - 0x00007ffd00df3000 	C:\WINDOWS\system32\rsaenh.dll
0x00007ffd018c0000 - 0x00007ffd018e8000 	C:\WINDOWS\SYSTEM32\USERENV.dll
0x00007ffd013c0000 - 0x00007ffd013cb000 	C:\WINDOWS\SYSTEM32\CRYPTBASE.dll
0x00007ffcc0aa0000 - 0x00007ffcc0aba000 	C:\Program Files\Java\jre1.8.0_221\bin\net.dll
0x00007ffcf50f0000 - 0x00007ffcf52ba000 	C:\WINDOWS\SYSTEM32\urlmon.dll
0x00007ffced760000 - 0x00007ffceda07000 	C:\WINDOWS\SYSTEM32\iertutil.dll
0x00007ffcf6930000 - 0x00007ffcf6946000 	C:\WINDOWS\SYSTEM32\dhcpcsvc6.DLL
0x00007ffcf7270000 - 0x00007ffcf728a000 	C:\WINDOWS\SYSTEM32\dhcpcsvc.DLL
0x00007ffcd1380000 - 0x00007ffcd1392000 	C:\Program Files\Java\jre1.8.0_221\bin\nio.dll
0x00007ffcf3590000 - 0x00007ffcf35c1000 	C:\Program Files\Java\jre1.8.0_221\bin\jpeg.dll
0x00007ffcf3550000 - 0x00007ffcf358e000 	C:\Program Files\Java\jre1.8.0_221\bin\lcms.dll
0x00007ffcffbd0000 - 0x00007ffcffbf9000 	C:\WINDOWS\system32\DWMAPI.DLL
0x00007ffcff8c0000 - 0x00007ffcff958000 	C:\WINDOWS\system32\uxtheme.dll
0x00007ffcf34f0000 - 0x00007ffcf3547000 	C:\Users\Alex\AppData\Local\Temp\lwjglAlex\3.1.1-build-16\lwjgl.dll
0x00007ffcedfc0000 - 0x00007ffcedffe000 	C:\Users\Alex\AppData\Local\Temp\lwjglAlex\3.1.1-build-16\jemalloc.dll
0x00007ffcedf80000 - 0x00007ffcedfbc000 	C:\Users\Alex\AppData\Local\Temp\lwjglAlex\3.1.1-build-16\glfw.dll
0x00007ffce5720000 - 0x00007ffce5763000 	C:\WINDOWS\SYSTEM32\dinput8.dll
0x00007ffd00550000 - 0x00007ffd00560000 	C:\WINDOWS\SYSTEM32\xinput1_4.dll
0x00007ffd017a0000 - 0x00007ffd017c7000 	C:\WINDOWS\SYSTEM32\DEVOBJ.dll
0x00007ffceaeb0000 - 0x00007ffceaf29000 	C:\WINDOWS\SYSTEM32\inputhost.dll
0x00007ffceab90000 - 0x00007ffceaeae000 	C:\WINDOWS\SYSTEM32\CoreUIComponents.dll
0x00007ffcfd5a0000 - 0x00007ffcfd6ed000 	C:\WINDOWS\SYSTEM32\wintypes.dll
0x00007ffcff4e0000 - 0x00007ffcff5ba000 	C:\WINDOWS\SYSTEM32\CoreMessaging.dll
0x00007ffd00b60000 - 0x00007ffd00b91000 	C:\WINDOWS\SYSTEM32\ntmarta.dll
0x00007ffd004f0000 - 0x00007ffd004fc000 	C:\WINDOWS\SYSTEM32\HID.DLL
0x00007ffd03150000 - 0x00007ffd0359b000 	C:\WINDOWS\System32\SETUPAPI.DLL
0x00007ffd023e0000 - 0x00007ffd02437000 	C:\WINDOWS\System32\WINTRUST.dll
0x00007ffd01a30000 - 0x00007ffd01a42000 	C:\WINDOWS\System32\MSASN1.dll
0x00007ffd026b0000 - 0x00007ffd02892000 	C:\WINDOWS\System32\CRYPT32.dll
0x00007ffd03690000 - 0x00007ffd03803000 	C:\WINDOWS\System32\MSCTF.dll
0x00007ffcd7820000 - 0x00007ffcd7940000 	C:\WINDOWS\SYSTEM32\opengl32.dll
0x00007ffcf3790000 - 0x00007ffcf37bc000 	C:\WINDOWS\SYSTEM32\GLU32.dll
0x00007ffcce340000 - 0x00007ffccf219000 	C:\WINDOWS\System32\DriverStore\FileRepository\64zh4840.inf_amd64_64c3089455794432\ig9icd64.dll
0x00007ffd00720000 - 0x00007ffd007db000 	C:\WINDOWS\SYSTEM32\dxgi.dll
0x00007ffd00040000 - 0x00007ffd00053000 	C:\WINDOWS\SYSTEM32\WTSAPI32.dll
0x00007ffce7150000 - 0x00007ffce8752000 	C:\WINDOWS\System32\DriverStore\FileRepository\64zh4840.inf_amd64_64c3089455794432\igc64.dll
0x00007ffcf9b40000 - 0x00007ffcf9bab000 	C:\WINDOWS\system32\Oleacc.dll
0x00007ffce56c0000 - 0x00007ffce571f000 	C:\Users\Alex\AppData\Local\Temp\lwjglAlex\3.1.1-build-16\lwjgl_opengl.dll
0x00007ffceaf30000 - 0x00007ffceafc6000 	C:\WINDOWS\System32\TextInputFramework.dll
0x00007ffd02be0000 - 0x00007ffd02d31000 	C:\WINDOWS\System32\ole32.dll
0x00007ffd00320000 - 0x00007ffd004e9000 	C:\WINDOWS\SYSTEM32\dbghelp.dll

VM Arguments:
jvm_args: -agentlib:jdwp=transport=dt_socket,suspend=y,address=localhost:64913 -Djava.library.path=C:\thirdparty\opencv\build\java\x64 -javaagent:C:\Users\Alex\eclipse\java-2019-06\eclipse\configuration\org.eclipse.osgi\226\0\.cp\lib\javaagent-shaded.jar -Dfile.encoding=Cp1252 
java_command: com.bentonian.gldemos.gpurender.GPURenderDemo
java_class_path (initial): C:\Users\Alex\Documents\Projects\Java\OpenGL Demos\bin;C:\Users\Alex\Documents\Projects\Java\framework\target\classes;C:\Users\Alex\Documents\Projects\Java\framework\target\test-classes;C:\Users\Alex\.m2\repository\org\lwjgl\lwjgl\3.1.1\lwjgl-3.1.1.jar;C:\Users\Alex\.m2\repository\org\lwjgl\lwjgl-glfw\3.1.1\lwjgl-glfw-3.1.1.jar;C:\Users\Alex\.m2\repository\org\lwjgl\lwjgl-jemalloc\3.1.1\lwjgl-jemalloc-3.1.1.jar;C:\Users\Alex\.m2\repository\org\lwjgl\lwjgl-openal\3.1.1\lwjgl-openal-3.1.1.jar;C:\Users\Alex\.m2\repository\org\lwjgl\lwjgl-opengl\3.1.1\lwjgl-opengl-3.1.1.jar;C:\Users\Alex\.m2\repository\org\lwjgl\lwjgl-stb\3.1.1\lwjgl-stb-3.1.1.jar;C:\Users\Alex\.m2\repository\org\lwjgl\lwjgl\3.1.1\lwjgl-3.1.1-natives-windows.jar;C:\Users\Alex\.m2\repository\org\lwjgl\lwjgl-glfw\3.1.1\lwjgl-glfw-3.1.1-natives-windows.jar;C:\Users\Alex\.m2\repository\org\lwjgl\lwjgl-jemalloc\3.1.1\lwjgl-jemalloc-3.1.1-natives-windows.jar;C:\Users\Alex\.m2\repository\org\lwjgl\lwjgl-openal\3.1.1\lwjgl-openal-3.1.1-natives-windows.jar;C:\Users\Alex\.m2\repository\org\lwjgl\lwjgl-opengl\3.1.1\lwjgl-opengl-3.1.1-natives-windows.jar;C:\Users\Alex\.m2\repository\org\lwjgl\lwjgl-stb\3.1.1\lwjgl-stb-3.1.1-natives-windows.jar;C:\Users\Alex\.m2\repository\com\google\guava\guava\15.0\guava-15.0.jar;C:\Users\Alex\.m2\repository\org\saintandreas\jovr\0.4.2.0\jovr-0.4.2.0.jar;C:\Users\Alex\.m2\repository\net\java\dev\jna\jna\5.0.0-SNAPSHOT\jna-5.0.0-SNAPSHOT.jar;C:\Users\Alex\.m2\repository\com\google\code\findbugs\jsr305\2.0.3\jsr305-2.0.3.jar;C:\Users\Alex\.m2\repository\org\apache\httpcomponents\httpclient\4.4\httpclient-4.4.jar;C:\Users\Alex\.m2\repository\org\apache\httpcomponents\httpcore\4.4\httpcore-4.4.jar;C:\Users\Alex\.m2\repository\commons-logging\commons-logging\1.2\commons-logging-1.2.jar;C:\Users\Alex\.m2\repository\commons-codec\commons-codec\1.9\commons-codec-1.9.jar;C:\Users\Alex\.m2\repository\org\apache\httpcomponents\httpmime\4.4\httpmime-4.4.jar;C:\thi
Launcher Type: SUN_STANDARD

Environment Variables:
PATH=C:/Program Files/Java/jre1.8.0_221/bin/server;C:/Program Files/Java/jre1.8.0_221/bin;C:/Program Files/Java/jre1.8.0_221/lib/amd64;C:\Program Files (x86)\Common Files\Oracle\Java\javapath;C:\WINDOWS\system32;C:\WINDOWS;C:\WINDOWS\System32\Wbem;C:\WINDOWS\System32\WindowsPowerShell\v1.0\;C:\WINDOWS\System32\OpenSSH\;C:\Program Files\PuTTY\;C:\Program Files (x86)\NVIDIA Corporation\PhysX\Common;C:\Program Files\MiKTeX 2.9\miktex\bin\x64\;C:\Program Files\NVIDIA Corporation\NVIDIA NvDLISR;C:\Program Files (x86)\Calibre2\;C:\Program Files\Git\cmd;C:\Users\Alex\AppData\Local\Programs\Python\Python37\Scripts\;C:\Users\Alex\AppData\Local\Programs\Python\Python37\;C:\Users\Alex\AppData\Local\Microsoft\WindowsApps;C:\Users\Alex\AppData\Local\GitHubDesktop\bin;C:\Program Files (x86)\UnrarDLL;;C:\Program Files\JetBrains\IntelliJ IDEA Community Edition 2019.1.3\bin;;C:\Users\Alex\eclipse\java-2019-06\eclipse;
USERNAME=Alex
OS=Windows_NT
PROCESSOR_IDENTIFIER=Intel64 Family 6 Model 142 Stepping 10, GenuineIntel



---------------  S Y S T E M  ---------------

OS: Windows 10.0 , 64 bit Build 17134 (10.0.17134.753)

CPU:total 8 (initial active 8) (4 cores per cpu, 2 threads per core) family 6 model 142 stepping 10, cmov, cx8, fxsr, mmx, sse, sse2, sse3, ssse3, sse4.1, sse4.2, popcnt, avx, avx2, aes, clmul, erms, rtm, 3dnowpref, lzcnt, ht, tsc, tscinvbit, bmi1, bmi2, adx

Memory: 4k page, physical 16700332k(9142948k free), swap 19190700k(9647812k free)

vm_info: Java HotSpot(TM) 64-Bit Server VM (25.221-b11) for windows-amd64 JRE (1.8.0_221-b11), built on Jul  4 2019 04:39:29 by "java_re" with MS VC++ 10.0 (VS2010)

time: Mon Sep 16 19:45:42 2019
timezone: GMT Daylight Time
elapsed time: 76 seconds (0d 0h 1m 16s)

