#
# A fatal error has been detected by the Java Runtime Environment:
#
#  EXCEPTION_ACCESS_VIOLATION (0xc0000005) at pc=0x00007ffd056aee9d, pid=3880, tid=0x0000000000002128
#
# JRE version: Java(TM) SE Runtime Environment (8.0_221-b11) (build 1.8.0_221-b11)
# Java VM: Java HotSpot(TM) 64-Bit Server VM (25.221-b11 mixed mode windows-amd64 compressed oops)
# Problematic frame:
# C  [ntdll.dll+0x1ee9d]
#
# Failed to write core dump. Minidumps are not enabled by default on client versions of Windows
#
# If you would like to submit a bug report, please visit:
#   http://bugreport.java.com/bugreport/crash.jsp
# The crash happened outside the Java Virtual Machine in native code.
# See problematic frame for where to report the bug.
#

---------------  T H R E A D  ---------------

Current thread (0x0000000002fc3800):  JavaThread "main" [_thread_in_native, id=8488, stack(0x0000000001460000,0x0000000001560000)]

siginfo: ExceptionCode=0xc0000005, writing address 0x0000000000000008

Registers:
RAX=0x0000000000cb5000, RBX=0x00007ffce7e47ad0, RCX=0x0000000000000000, RDX=0x00000000000006e0
RSP=0x000000000155b5c0, RBP=0x000000000155bc40, RSI=0x0000000000000001, RDI=0x0000000000000000
R8 =0x0000000000b93000, R9 =0x0000000000008000, R10=0x000000000155b670, R11=0x000000002417a410
R12=0x00007ffce78d9af0, R13=0x00000000242c5018, R14=0x00007ffce7150000, R15=0x0000000000000001
RIP=0x00007ffd056aee9d, EFLAGS=0x0000000000010206

Top of Stack: (sp=0x000000000155b5c0)
0x000000000155b5c0:   00000000242c5018 0000000000000208
0x000000000155b5d0:   00007ffce78d9af0 000000000155b670
0x000000000155b5e0:   000000000155bc40 00007ffce788389d
0x000000000155b5f0:   0000000000000104 0000000000000104
0x000000000155b600:   0000000000000200 0000000000000000
0x000000000155b610:   0000000000000000 00007ffce788a20a
0x000000000155b620:   000000002417a410 0000000001040030
0x000000000155b630:   000000000155b670 000000010000000e
0x000000000155b640:   0000000000000000 00007ffce716d38c
0x000000000155b650:   0000000000000000 0000000000000000
0x000000000155b660:   0000000000000000 0000000000000000
0x000000000155b670:   72676f72505c3a43 73656c6946206d61
0x000000000155b680:   726a5c6176614a5c 325f302e382e3165
0x000000000155b690:   6a5c6e69625c3132 6578652e77617661
0x000000000155b6a0:   0000000000000000 00007ffd025bfb5d
0x000000000155b6b0:   0000000000000001 00007ffcdec90000 

Instructions: (pc=0x00007ffd056aee9d)
0x00007ffd056aee7d:   5e c3 f0 ff 43 38 eb c8 cc cc cc cc cc cc cc cc
0x00007ffd056aee8d:   cc cc cc 48 83 ec 28 65 48 8b 04 25 30 00 00 00
0x00007ffd056aee9d:   f0 0f ba 71 08 00 48 8b 40 48 73 12 48 89 41 10
0x00007ffd056aeead:   33 c0 c7 41 0c 01 00 00 00 48 83 c4 28 c3 48 39 


Register to memory mapping:

RAX=0x0000000000cb5000 is an unknown value
RBX=0x00007ffce7e47ad0 is an unknown value
RCX=0x0000000000000000 is an unknown value
RDX=0x00000000000006e0 is an unknown value
RSP=0x000000000155b5c0 is pointing into the stack for thread: 0x0000000002fc3800
RBP=0x000000000155bc40 is pointing into the stack for thread: 0x0000000002fc3800
RSI=0x0000000000000001 is an unknown value
RDI=0x0000000000000000 is an unknown value
R8 =0x0000000000b93000 is an unknown value
R9 =0x0000000000008000 is an unknown value
R10=0x000000000155b670 is pointing into the stack for thread: 0x0000000002fc3800
R11=0x000000002417a410 is an unknown value
R12=0x00007ffce78d9af0 is an unknown value
R13=0x00000000242c5018 is an unknown value
R14=0x00007ffce7150000 is an unknown value
R15=0x0000000000000001 is an unknown value


Stack: [0x0000000001460000,0x0000000001560000],  sp=0x000000000155b5c0,  free space=1005k
Native frames: (J=compiled Java code, j=interpreted, Vv=VM code, C=native code)
C  [ntdll.dll+0x1ee9d]
C  [igc64.dll+0x73389d]
C  [igc64.dll+0x73a20a]
C  [igc64.dll+0x1d38c]
C  [igc64.dll+0x789a14]
C  [ntdll.dll+0x3b583]
C  [ntdll.dll+0x47f85]
C  [ntdll.dll+0x47e48]
C  [KERNEL32.DLL+0x1ca7a]
C  [igc64.dll+0x7b600c]
C  [igc64.dll+0x7b5fa8]
C  [igc64.dll+0x5ee2c2]
C  [igc64.dll+0x3eba45]
C  [igc64.dll+0x3f7813]
C  [igc64.dll+0x3ede93]
C  [igc64.dll+0x3ee431]
C  [igc64.dll+0x60a31b]
C  [igc64.dll+0x3ec6c1]
C  [igc64.dll+0x3ece61]
C  [igc64.dll+0x3ef96b]
C  [igc64.dll+0x3d656]
C  [igc64.dll+0x51318]
C  [igc64.dll+0x4c5a4]
C  [ig9icd64.dll+0x918981]
C  [ig9icd64.dll+0x919671]
C  [ig9icd64.dll+0x919751]
C  [ig9icd64.dll+0x91a089]
C  [ig9icd64.dll+0x919d4c]
C  [ig9icd64.dll+0x9199c3]
C  [ig9icd64.dll+0x1bc264]
C  [ig9icd64.dll+0x1b5e4a]
C  [ig9icd64.dll+0x1bd70e]
C  [ig9icd64.dll+0x22694]
C  [ig9icd64.dll+0x22513]
C  [ig9icd64.dll+0x24a06]
C  [ig9icd64.dll+0x247ab]
C  [ig9icd64.dll+0x3281f]
C  [ig9icd64.dll+0x329c7]
C  [ig9icd64.dll+0x32b85]
C  0x00000000030e1df0

Java frames: (J=compiled Java code, j=interpreted, Vv=VM code)
j  org.lwjgl.opengl.GL20.nglLinkProgram(I)V+0
j  org.lwjgl.opengl.GL20.glLinkProgram(I)V+1
j  com.bentonian.framework.ui.ShaderUtil.compileProgram(II)I+15
j  com.bentonian.framework.ui.ShaderAutoloader.updateProgram()V+49
J 1361 C2 com.bentonian.framework.ui.GLWindowedCanvas.mainLoop()V (13 bytes) @ 0x00000000031ec960 [0x00000000031ec880+0xe0]
J 1338% C2 com.bentonian.framework.ui.GLWindowedCanvas.run()V (23 bytes) @ 0x000000000321c2d0 [0x000000000321c240+0x90]
j  com.bentonian.gldemos.gpurender.GPURenderDemo.main([Ljava/lang/String;)V+7
v  ~StubRoutines::call_stub

---------------  P R O C E S S  ---------------

Java Threads: ( => current thread )
  0x0000000024a7e800 JavaThread "Thread-1" [_thread_blocked, id=10520, stack(0x0000000022c70000,0x0000000022d70000)]
  0x0000000020d81800 JavaThread "Java2D Disposer" daemon [_thread_blocked, id=11704, stack(0x0000000021770000,0x0000000021870000)]
  0x000000001ec9a000 JavaThread "Service Thread" daemon [_thread_blocked, id=11192, stack(0x000000001fc60000,0x000000001fd60000)]
  0x000000001ec11800 JavaThread "C1 CompilerThread3" daemon [_thread_blocked, id=8236, stack(0x000000001fb60000,0x000000001fc60000)]
  0x000000001ec11000 JavaThread "C2 CompilerThread2" daemon [_thread_blocked, id=7376, stack(0x000000001fa60000,0x000000001fb60000)]
  0x000000001ec06000 JavaThread "C2 CompilerThread1" daemon [_thread_blocked, id=13412, stack(0x000000001f960000,0x000000001fa60000)]
  0x000000001ec05000 JavaThread "C2 CompilerThread0" daemon [_thread_blocked, id=9508, stack(0x000000001f860000,0x000000001f960000)]
  0x000000001ea77800 JavaThread "JDWP Command Reader" daemon [_thread_in_native, id=16248, stack(0x000000001f760000,0x000000001f860000)]
  0x000000001ea70000 JavaThread "JDWP Event Helper Thread" daemon [_thread_blocked, id=15160, stack(0x000000001f660000,0x000000001f760000)]
  0x000000001ea63800 JavaThread "JDWP Transport Listener: dt_socket" daemon [_thread_blocked, id=664, stack(0x000000001f560000,0x000000001f660000)]
  0x000000001ea5a800 JavaThread "Attach Listener" daemon [_thread_blocked, id=1480, stack(0x000000001f120000,0x000000001f220000)]
  0x000000001ea59000 JavaThread "Signal Dispatcher" daemon [_thread_blocked, id=6288, stack(0x000000001f020000,0x000000001f120000)]
  0x000000001ea50800 JavaThread "Finalizer" daemon [_thread_blocked, id=11584, stack(0x000000001ee30000,0x000000001ef30000)]
  0x00000000030ba000 JavaThread "Reference Handler" daemon [_thread_blocked, id=15172, stack(0x000000001e930000,0x000000001ea30000)]
=>0x0000000002fc3800 JavaThread "main" [_thread_in_native, id=8488, stack(0x0000000001460000,0x0000000001560000)]

Other Threads:
  0x000000001cb29800 VMThread [stack: 0x000000001e830000,0x000000001e930000] [id=12352]
  0x000000001ed28800 WatcherThread [stack: 0x000000001fd60000,0x000000001fe60000] [id=16036]

VM state:not at safepoint (normal execution)

VM Mutex/Monitor currently owned by a thread: None

heap address: 0x00000006c1200000, size: 4078 MB, Compressed Oops mode: Zero based, Oop shift amount: 3
Narrow klass base: 0x0000000000000000, Narrow klass shift: 3
Compressed class space size: 1073741824 Address: 0x00000007c0000000

Heap:
 PSYoungGen      total 31744K, used 6511K [0x000000076b100000, 0x000000076f400000, 0x00000007c0000000)
  eden space 31232K, 20% used [0x000000076b100000,0x000000076b71be80,0x000000076cf80000)
  from space 512K, 50% used [0x000000076f300000,0x000000076f340000,0x000000076f380000)
  to   space 512K, 0% used [0x000000076f380000,0x000000076f380000,0x000000076f400000)
 ParOldGen       total 175104K, used 90201K [0x00000006c1200000, 0x00000006cbd00000, 0x000000076b100000)
  object space 175104K, 51% used [0x00000006c1200000,0x00000006c6a164a8,0x00000006cbd00000)
 Metaspace       used 13361K, capacity 13619K, committed 13696K, reserved 1060864K
  class space    used 1260K, capacity 1341K, committed 1408K, reserved 1048576K

Card table byte_map: [0x0000000012480000,0x0000000012c80000] byte_map_base: 0x000000000ee77000

Marking Bits: (ParMarkBitMap*) 0x0000000052825ce0
 Begin Bits: [0x00000000139d0000, 0x0000000017988000)
 End Bits:   [0x0000000017988000, 0x000000001b940000)

Polling page: 0x0000000000bf0000

CodeCache: size=245760Kb used=5544Kb max_used=6064Kb free=240215Kb
 bounds [0x00000000030c0000, 0x00000000036c0000, 0x00000000120c0000]
 total_blobs=2150 nmethods=1242 adapters=829
 compilation: enabled

Compilation events (10 events):
Event: 25817.796 Thread 0x000000001ec06000 1435       4       java.io.BufferedReader::readLine (6 bytes)
Event: 25817.796 Thread 0x000000001ec11800 1436       3       java.util.regex.Pattern$Node::study (21 bytes)
Event: 25817.796 Thread 0x000000001ec06000 nmethod 1435 0x000000000346c6d0 code [0x000000000346c820, 0x000000000346c8a8]
Event: 25817.797 Thread 0x000000001ec11800 nmethod 1436 0x0000000003604f90 code [0x0000000003605100, 0x0000000003605388]
Event: 25817.797 Thread 0x000000001ec05000 1437       4       com.google.common.collect.TransformedIterator::hasNext (10 bytes)
Event: 25817.798 Thread 0x000000001ec05000 nmethod 1437 0x00000000031ea790 code [0x00000000031ea8e0, 0x00000000031ea9f8]
Event: 25861.983 Thread 0x000000001ec11800 1439       3       com.google.common.collect.ImmutableCollection$Builder::addAll (25 bytes)
Event: 25861.983 Thread 0x000000001ec06000 1438       4       java.lang.String::trim (77 bytes)
Event: 25861.983 Thread 0x000000001ec11800 nmethod 1439 0x000000000364c090 code [0x000000000364c220, 0x000000000364c668]
Event: 25861.996 Thread 0x000000001ec06000 nmethod 1438 0x00000000033bb6d0 code [0x00000000033bb840, 0x00000000033bbf38]

GC Heap History (10 events):
Event: 25815.426 GC heap before
{Heap before GC invocations=1409 (full 0):
 PSYoungGen      total 31744K, used 31488K [0x000000076b100000, 0x000000076f400000, 0x00000007c0000000)
  eden space 31232K, 100% used [0x000000076b100000,0x000000076cf80000,0x000000076cf80000)
  from space 512K, 50% used [0x000000076f380000,0x000000076f3c0000,0x000000076f400000)
  to   space 512K, 0% used [0x000000076f300000,0x000000076f300000,0x000000076f380000)
 ParOldGen       total 175104K, used 90201K [0x00000006c1200000, 0x00000006cbd00000, 0x000000076b100000)
  object space 175104K, 51% used [0x00000006c1200000,0x00000006c6a164a8,0x00000006cbd00000)
 Metaspace       used 13360K, capacity 13619K, committed 13696K, reserved 1060864K
  class space    used 1260K, capacity 1341K, committed 1408K, reserved 1048576K
Event: 25815.429 GC heap after
Heap after GC invocations=1409 (full 0):
 PSYoungGen      total 31744K, used 256K [0x000000076b100000, 0x000000076f400000, 0x00000007c0000000)
  eden space 31232K, 0% used [0x000000076b100000,0x000000076b100000,0x000000076cf80000)
  from space 512K, 50% used [0x000000076f300000,0x000000076f340000,0x000000076f380000)
  to   space 512K, 0% used [0x000000076f380000,0x000000076f380000,0x000000076f400000)
 ParOldGen       total 175104K, used 90201K [0x00000006c1200000, 0x00000006cbd00000, 0x000000076b100000)
  object space 175104K, 51% used [0x00000006c1200000,0x00000006c6a164a8,0x00000006cbd00000)
 Metaspace       used 13360K, capacity 13619K, committed 13696K, reserved 1060864K
  class space    used 1260K, capacity 1341K, committed 1408K, reserved 1048576K
}
Event: 25826.527 GC heap before
{Heap before GC invocations=1410 (full 0):
 PSYoungGen      total 31744K, used 31488K [0x000000076b100000, 0x000000076f400000, 0x00000007c0000000)
  eden space 31232K, 100% used [0x000000076b100000,0x000000076cf80000,0x000000076cf80000)
  from space 512K, 50% used [0x000000076f300000,0x000000076f340000,0x000000076f380000)
  to   space 512K, 0% used [0x000000076f380000,0x000000076f380000,0x000000076f400000)
 ParOldGen       total 175104K, used 90201K [0x00000006c1200000, 0x00000006cbd00000, 0x000000076b100000)
  object space 175104K, 51% used [0x00000006c1200000,0x00000006c6a164a8,0x00000006cbd00000)
 Metaspace       used 13361K, capacity 13619K, committed 13696K, reserved 1060864K
  class space    used 1260K, capacity 1341K, committed 1408K, reserved 1048576K
Event: 25826.529 GC heap after
Heap after GC invocations=1410 (full 0):
 PSYoungGen      total 31744K, used 288K [0x000000076b100000, 0x000000076f400000, 0x00000007c0000000)
  eden space 31232K, 0% used [0x000000076b100000,0x000000076b100000,0x000000076cf80000)
  from space 512K, 56% used [0x000000076f380000,0x000000076f3c8000,0x000000076f400000)
  to   space 512K, 0% used [0x000000076f300000,0x000000076f300000,0x000000076f380000)
 ParOldGen       total 175104K, used 90201K [0x00000006c1200000, 0x00000006cbd00000, 0x000000076b100000)
  object space 175104K, 51% used [0x00000006c1200000,0x00000006c6a164a8,0x00000006cbd00000)
 Metaspace       used 13361K, capacity 13619K, committed 13696K, reserved 1060864K
  class space    used 1260K, capacity 1341K, committed 1408K, reserved 1048576K
}
Event: 25837.660 GC heap before
{Heap before GC invocations=1411 (full 0):
 PSYoungGen      total 31744K, used 31520K [0x000000076b100000, 0x000000076f400000, 0x00000007c0000000)
  eden space 31232K, 100% used [0x000000076b100000,0x000000076cf80000,0x000000076cf80000)
  from space 512K, 56% used [0x000000076f380000,0x000000076f3c8000,0x000000076f400000)
  to   space 512K, 0% used [0x000000076f300000,0x000000076f300000,0x000000076f380000)
 ParOldGen       total 175104K, used 90201K [0x00000006c1200000, 0x00000006cbd00000, 0x000000076b100000)
  object space 175104K, 51% used [0x00000006c1200000,0x00000006c6a164a8,0x00000006cbd00000)
 Metaspace       used 13361K, capacity 13619K, committed 13696K, reserved 1060864K
  class space    used 1260K, capacity 1341K, committed 1408K, reserved 1048576K
Event: 25837.662 GC heap after
Heap after GC invocations=1411 (full 0):
 PSYoungGen      total 31744K, used 256K [0x000000076b100000, 0x000000076f400000, 0x00000007c0000000)
  eden space 31232K, 0% used [0x000000076b100000,0x000000076b100000,0x000000076cf80000)
  from space 512K, 50% used [0x000000076f300000,0x000000076f340000,0x000000076f380000)
  to   space 512K, 0% used [0x000000076f380000,0x000000076f380000,0x000000076f400000)
 ParOldGen       total 175104K, used 90201K [0x00000006c1200000, 0x00000006cbd00000, 0x000000076b100000)
  object space 175104K, 51% used [0x00000006c1200000,0x00000006c6a164a8,0x00000006cbd00000)
 Metaspace       used 13361K, capacity 13619K, committed 13696K, reserved 1060864K
  class space    used 1260K, capacity 1341K, committed 1408K, reserved 1048576K
}
Event: 25848.794 GC heap before
{Heap before GC invocations=1412 (full 0):
 PSYoungGen      total 31744K, used 31488K [0x000000076b100000, 0x000000076f400000, 0x00000007c0000000)
  eden space 31232K, 100% used [0x000000076b100000,0x000000076cf80000,0x000000076cf80000)
  from space 512K, 50% used [0x000000076f300000,0x000000076f340000,0x000000076f380000)
  to   space 512K, 0% used [0x000000076f380000,0x000000076f380000,0x000000076f400000)
 ParOldGen       total 175104K, used 90201K [0x00000006c1200000, 0x00000006cbd00000, 0x000000076b100000)
  object space 175104K, 51% used [0x00000006c1200000,0x00000006c6a164a8,0x00000006cbd00000)
 Metaspace       used 13361K, capacity 13619K, committed 13696K, reserved 1060864K
  class space    used 1260K, capacity 1341K, committed 1408K, reserved 1048576K
Event: 25848.797 GC heap after
Heap after GC invocations=1412 (full 0):
 PSYoungGen      total 31744K, used 256K [0x000000076b100000, 0x000000076f400000, 0x00000007c0000000)
  eden space 31232K, 0% used [0x000000076b100000,0x000000076b100000,0x000000076cf80000)
  from space 512K, 50% used [0x000000076f380000,0x000000076f3c0000,0x000000076f400000)
  to   space 512K, 0% used [0x000000076f300000,0x000000076f300000,0x000000076f380000)
 ParOldGen       total 175104K, used 90201K [0x00000006c1200000, 0x00000006cbd00000, 0x000000076b100000)
  object space 175104K, 51% used [0x00000006c1200000,0x00000006c6a164a8,0x00000006cbd00000)
 Metaspace       used 13361K, capacity 13619K, committed 13696K, reserved 1060864K
  class space    used 1260K, capacity 1341K, committed 1408K, reserved 1048576K
}
Event: 25859.928 GC heap before
{Heap before GC invocations=1413 (full 0):
 PSYoungGen      total 31744K, used 31488K [0x000000076b100000, 0x000000076f400000, 0x00000007c0000000)
  eden space 31232K, 100% used [0x000000076b100000,0x000000076cf80000,0x000000076cf80000)
  from space 512K, 50% used [0x000000076f380000,0x000000076f3c0000,0x000000076f400000)
  to   space 512K, 0% used [0x000000076f300000,0x000000076f300000,0x000000076f380000)
 ParOldGen       total 175104K, used 90201K [0x00000006c1200000, 0x00000006cbd00000, 0x000000076b100000)
  object space 175104K, 51% used [0x00000006c1200000,0x00000006c6a164a8,0x00000006cbd00000)
 Metaspace       used 13361K, capacity 13619K, committed 13696K, reserved 1060864K
  class space    used 1260K, capacity 1341K, committed 1408K, reserved 1048576K
Event: 25859.931 GC heap after
Heap after GC invocations=1413 (full 0):
 PSYoungGen      total 31744K, used 256K [0x000000076b100000, 0x000000076f400000, 0x00000007c0000000)
  eden space 31232K, 0% used [0x000000076b100000,0x000000076b100000,0x000000076cf80000)
  from space 512K, 50% used [0x000000076f300000,0x000000076f340000,0x000000076f380000)
  to   space 512K, 0% used [0x000000076f380000,0x000000076f380000,0x000000076f400000)
 ParOldGen       total 175104K, used 90201K [0x00000006c1200000, 0x00000006cbd00000, 0x000000076b100000)
  object space 175104K, 51% used [0x00000006c1200000,0x00000006c6a164a8,0x00000006cbd00000)
 Metaspace       used 13361K, capacity 13619K, committed 13696K, reserved 1060864K
  class space    used 1260K, capacity 1341K, committed 1408K, reserved 1048576K
}

Deoptimization events (10 events):
Event: 1700.312 Thread 0x0000000002fc3800 Uncommon trap: reason=unstable_if action=reinterpret pc=0x000000000363ff2c method=com.bentonian.framework.math.Vec3.normalized()Lcom/bentonian/framework/math/Vec3; @ 10
Event: 1834.192 Thread 0x0000000002fc3800 Uncommon trap: reason=unstable_if action=reinterpret pc=0x000000000366514c method=com.bentonian.framework.ui.GLCanvas.updateUniformFloat(Ljava/lang/String;F)V @ 11
Event: 10716.373 Thread 0x0000000002fc3800 Uncommon trap: reason=unstable_if action=reinterpret pc=0x0000000003654f98 method=java.util.LinkedList.node(I)Ljava/util/LinkedList$Node; @ 7
Event: 10755.978 Thread 0x0000000002fc3800 Uncommon trap: reason=unstable_if action=reinterpret pc=0x0000000003645a4c method=java.util.LinkedList.node(I)Ljava/util/LinkedList$Node; @ 7
Event: 10760.150 Thread 0x0000000002fc3800 Uncommon trap: reason=unstable_if action=reinterpret pc=0x0000000003640cec method=java.util.LinkedList.node(I)Ljava/util/LinkedList$Node; @ 7
Event: 10833.195 Thread 0x0000000002fc3800 Uncommon trap: reason=unstable_if action=reinterpret pc=0x000000000354baf8 method=java.util.HashMap$HashIterator.<init>(Ljava/util/HashMap;)V @ 45
Event: 10833.211 Thread 0x0000000002fc3800 Uncommon trap: reason=unstable_if action=reinterpret pc=0x000000000323ac64 method=java.util.HashMap$HashIterator.<init>(Ljava/util/HashMap;)V @ 45
Event: 10833.228 Thread 0x0000000002fc3800 Uncommon trap: reason=unstable_if action=reinterpret pc=0x00000000031f44d8 method=java.util.HashMap$HashIterator.<init>(Ljava/util/HashMap;)V @ 45
Event: 10833.245 Thread 0x0000000002fc3800 Uncommon trap: reason=unstable_if action=reinterpret pc=0x000000000330e5ac method=java.util.HashMap$HashIterator.<init>(Ljava/util/HashMap;)V @ 45
Event: 24459.085 Thread 0x0000000002fc3800 Uncommon trap: reason=unstable_if action=reinterpret pc=0x00000000036af5b4 method=com.bentonian.gldemos.gpurender.GPURenderDemo.draw()V @ 33

Classes redefined (0 events):
No events

Internal exceptions (10 events):
Event: 0.666 Thread 0x0000000002fc3800 Exception <a 'java/security/PrivilegedActionException'> (0x000000076be811c0) thrown at [C:\re\workspace\8-2-build-windows-amd64-cygwin\jdk8u221\13320\hotspot\src\share\vm\prims\jvm.cpp, line 1502]
Event: 0.666 Thread 0x0000000002fc3800 Exception <a 'java/security/PrivilegedActionException'> (0x000000076be813d0) thrown at [C:\re\workspace\8-2-build-windows-amd64-cygwin\jdk8u221\13320\hotspot\src\share\vm\prims\jvm.cpp, line 1502]
Event: 0.681 Thread 0x0000000002fc3800 Exception <a 'java/io/FileNotFoundException'> (0x000000076bedfbc0) thrown at [C:\re\workspace\8-2-build-windows-amd64-cygwin\jdk8u221\13320\hotspot\src\share\vm\prims\jni.cpp, line 710]
Event: 0.717 Thread 0x0000000002fc3800 Exception <a 'java/lang/NoSuchFieldError': method resolution failed> (0x000000076c003a20) thrown at [C:\re\workspace\8-2-build-windows-amd64-cygwin\jdk8u221\13320\hotspot\src\share\vm\prims\methodHandles.cpp, line 1167]
Event: 0.722 Thread 0x0000000002fc3800 Exception <a 'java/lang/NoSuchFieldError': method resolution failed> (0x000000076c011bd8) thrown at [C:\re\workspace\8-2-build-windows-amd64-cygwin\jdk8u221\13320\hotspot\src\share\vm\prims\methodHandles.cpp, line 1167]
Event: 1.073 Thread 0x0000000002fc3800 Exception <a 'java/io/FileNotFoundException'> (0x000000076cdbe5f8) thrown at [C:\re\workspace\8-2-build-windows-amd64-cygwin\jdk8u221\13320\hotspot\src\share\vm\prims\jni.cpp, line 710]
Event: 2.018 Thread 0x0000000002fc3800 Exception <a 'sun/nio/fs/WindowsException'> (0x000000076c9d4408) thrown at [C:\re\workspace\8-2-build-windows-amd64-cygwin\jdk8u221\13320\hotspot\src\share\vm\prims\jni.cpp, line 710]
Event: 2.019 Thread 0x0000000002fc3800 Exception <a 'sun/nio/fs/WindowsException'> (0x000000076c9d49e8) thrown at [C:\re\workspace\8-2-build-windows-amd64-cygwin\jdk8u221\13320\hotspot\src\share\vm\prims\jni.cpp, line 710]
Event: 2.019 Thread 0x0000000002fc3800 Exception <a 'sun/nio/fs/WindowsException'> (0x000000076c9d6480) thrown at [C:\re\workspace\8-2-build-windows-amd64-cygwin\jdk8u221\13320\hotspot\src\share\vm\prims\jni.cpp, line 710]
Event: 2.019 Thread 0x0000000002fc3800 Exception <a 'sun/nio/fs/WindowsException'> (0x000000076c9d6988) thrown at [C:\re\workspace\8-2-build-windows-amd64-cygwin\jdk8u221\13320\hotspot\src\share\vm\prims\jni.cpp, line 710]

Events (10 events):
Event: 25826.530 Executing VM operation: RevokeBias
Event: 25826.530 Executing VM operation: RevokeBias done
Event: 25826.530 Executing VM operation: RevokeBias
Event: 25826.530 Executing VM operation: RevokeBias done
Event: 25837.660 Executing VM operation: ParallelGCFailedAllocation
Event: 25837.662 Executing VM operation: ParallelGCFailedAllocation done
Event: 25848.794 Executing VM operation: ParallelGCFailedAllocation
Event: 25848.797 Executing VM operation: ParallelGCFailedAllocation done
Event: 25859.928 Executing VM operation: ParallelGCFailedAllocation
Event: 25859.931 Executing VM operation: ParallelGCFailedAllocation done


Dynamic libraries:
0x00007ff789c40000 - 0x00007ff789c77000 	C:\Program Files\Java\jre1.8.0_221\bin\javaw.exe
0x00007ffd05690000 - 0x00007ffd05871000 	C:\WINDOWS\SYSTEM32\ntdll.dll
0x00007ffd04c70000 - 0x00007ffd04d21000 	C:\WINDOWS\System32\KERNEL32.DLL
0x00007ffd01a50000 - 0x00007ffd01cc3000 	C:\WINDOWS\System32\KERNELBASE.dll
0x00007ffd04dd0000 - 0x00007ffd04e71000 	C:\WINDOWS\System32\ADVAPI32.dll
0x00007ffd05030000 - 0x00007ffd050ce000 	C:\WINDOWS\System32\msvcrt.dll
0x00007ffd02d70000 - 0x00007ffd02dcb000 	C:\WINDOWS\System32\sechost.dll
0x00007ffd04e80000 - 0x00007ffd04fa4000 	C:\WINDOWS\System32\RPCRT4.dll
0x00007ffd054d0000 - 0x00007ffd05660000 	C:\WINDOWS\System32\USER32.dll
0x00007ffd024f0000 - 0x00007ffd02510000 	C:\WINDOWS\System32\win32u.dll
0x00007ffd05170000 - 0x00007ffd05198000 	C:\WINDOWS\System32\GDI32.dll
0x00007ffd028f0000 - 0x00007ffd02a81000 	C:\WINDOWS\System32\gdi32full.dll
0x00007ffd02510000 - 0x00007ffd025af000 	C:\WINDOWS\System32\msvcp_win.dll
0x00007ffd025b0000 - 0x00007ffd026a8000 	C:\WINDOWS\System32\ucrtbase.dll
0x00007ffcf4d70000 - 0x00007ffcf4fd9000 	C:\WINDOWS\WinSxS\amd64_microsoft.windows.common-controls_6595b64144ccf1df_6.0.17134.1006_none_d3fbb8f77c940c3f\COMCTL32.dll
0x00007ffd051a0000 - 0x00007ffd054c1000 	C:\WINDOWS\System32\combase.dll
0x00007ffd02a90000 - 0x00007ffd02b09000 	C:\WINDOWS\System32\bcryptPrimitives.dll
0x00007ffd04d30000 - 0x00007ffd04d5d000 	C:\WINDOWS\System32\IMM32.DLL
0x0000000054420000 - 0x00000000544f2000 	C:\Program Files\Java\jre1.8.0_221\bin\msvcr100.dll
0x0000000052000000 - 0x00000000528a5000 	C:\Program Files\Java\jre1.8.0_221\bin\server\jvm.dll
0x00007ffd02d40000 - 0x00007ffd02d48000 	C:\WINDOWS\System32\PSAPI.DLL
0x00007ffcf31e0000 - 0x00007ffcf31e9000 	C:\WINDOWS\SYSTEM32\WSOCK32.dll
0x00007ffcf8d30000 - 0x00007ffcf8d3a000 	C:\WINDOWS\SYSTEM32\VERSION.dll
0x00007ffcee600000 - 0x00007ffcee623000 	C:\WINDOWS\SYSTEM32\WINMM.dll
0x00007ffd04d60000 - 0x00007ffd04dcc000 	C:\WINDOWS\System32\WS2_32.dll
0x00007ffcee5d0000 - 0x00007ffcee5fa000 	C:\WINDOWS\SYSTEM32\winmmbase.dll
0x00007ffd028a0000 - 0x00007ffd028e9000 	C:\WINDOWS\System32\cfgmgr32.dll
0x00007ffcf5bc0000 - 0x00007ffcf5bcf000 	C:\Program Files\Java\jre1.8.0_221\bin\verify.dll
0x00007ffcf5510000 - 0x00007ffcf5539000 	C:\Program Files\Java\jre1.8.0_221\bin\java.dll
0x00007ffcf37d0000 - 0x00007ffcf3805000 	C:\Program Files\Java\jre1.8.0_221\bin\jdwp.dll
0x00007ffd00500000 - 0x00007ffd00508000 	C:\Program Files\Java\jre1.8.0_221\bin\npt.dll
0x00007ffcf3920000 - 0x00007ffcf3943000 	C:\Program Files\Java\jre1.8.0_221\bin\instrument.dll
0x00007ffcf24b0000 - 0x00007ffcf24c6000 	C:\Program Files\Java\jre1.8.0_221\bin\zip.dll
0x00007ffd03810000 - 0x00007ffd04c52000 	C:\WINDOWS\System32\SHELL32.dll
0x00007ffd02e90000 - 0x00007ffd02f39000 	C:\WINDOWS\System32\shcore.dll
0x00007ffd01cd0000 - 0x00007ffd023de000 	C:\WINDOWS\System32\windows.storage.dll
0x00007ffd02e30000 - 0x00007ffd02e81000 	C:\WINDOWS\System32\shlwapi.dll
0x00007ffd019b0000 - 0x00007ffd019c1000 	C:\WINDOWS\System32\kernel.appcore.dll
0x00007ffd01990000 - 0x00007ffd019af000 	C:\WINDOWS\System32\profapi.dll
0x00007ffd019d0000 - 0x00007ffd01a1c000 	C:\WINDOWS\System32\powrprof.dll
0x00007ffd01a20000 - 0x00007ffd01a2a000 	C:\WINDOWS\System32\FLTLIB.DLL
0x00007ffcf9a00000 - 0x00007ffcf9a09000 	C:\Program Files\Java\jre1.8.0_221\bin\dt_socket.dll
0x00007ffcda2a0000 - 0x00007ffcda2b6000 	C:\WINDOWS\system32\napinsp.dll
0x00007ffcda280000 - 0x00007ffcda29a000 	C:\WINDOWS\system32\pnrpnsp.dll
0x00007ffcfdc00000 - 0x00007ffcfdc19000 	C:\WINDOWS\system32\NLAapi.dll
0x00007ffd01210000 - 0x00007ffd01276000 	C:\WINDOWS\System32\mswsock.dll
0x00007ffd00fa0000 - 0x00007ffd0105e000 	C:\WINDOWS\SYSTEM32\DNSAPI.dll
0x00007ffd04c60000 - 0x00007ffd04c68000 	C:\WINDOWS\System32\NSI.dll
0x00007ffd00f60000 - 0x00007ffd00f98000 	C:\WINDOWS\SYSTEM32\IPHLPAPI.DLL
0x00007ffcdcf50000 - 0x00007ffcdcf5e000 	C:\WINDOWS\System32\winrnr.dll
0x00007ffcf8d90000 - 0x00007ffcf8da5000 	C:\WINDOWS\System32\wshbth.dll
0x00007ffcf52c0000 - 0x00007ffcf5332000 	C:\WINDOWS\System32\fwpuclnt.dll
0x00007ffd014f0000 - 0x00007ffd01515000 	C:\WINDOWS\SYSTEM32\bcrypt.dll
0x00007ffcf65a0000 - 0x00007ffcf65aa000 	C:\Windows\System32\rasadhlp.dll
0x00007ffccc090000 - 0x00007ffccc229000 	C:\Program Files\Java\jre1.8.0_221\bin\awt.dll
0x00007ffd02b10000 - 0x00007ffd02bd2000 	C:\WINDOWS\System32\OLEAUT32.dll
0x00007ffcff6f0000 - 0x00007ffcff77b000 	C:\WINDOWS\SYSTEM32\apphelp.dll
0x00007ffd013d0000 - 0x00007ffd013e7000 	C:\WINDOWS\SYSTEM32\CRYPTSP.dll
0x00007ffd00dc0000 - 0x00007ffd00df3000 	C:\WINDOWS\system32\rsaenh.dll
0x00007ffd018c0000 - 0x00007ffd018e8000 	C:\WINDOWS\SYSTEM32\USERENV.dll
0x00007ffd013c0000 - 0x00007ffd013cb000 	C:\WINDOWS\SYSTEM32\CRYPTBASE.dll
0x00007ffcf2490000 - 0x00007ffcf24aa000 	C:\Program Files\Java\jre1.8.0_221\bin\net.dll
0x00007ffcf50f0000 - 0x00007ffcf52ba000 	C:\WINDOWS\SYSTEM32\urlmon.dll
0x00007ffced760000 - 0x00007ffceda07000 	C:\WINDOWS\SYSTEM32\iertutil.dll
0x00007ffcf6930000 - 0x00007ffcf6946000 	C:\WINDOWS\SYSTEM32\dhcpcsvc6.DLL
0x00007ffcf7270000 - 0x00007ffcf728a000 	C:\WINDOWS\SYSTEM32\dhcpcsvc.DLL
0x00007ffcf23d0000 - 0x00007ffcf23e2000 	C:\Program Files\Java\jre1.8.0_221\bin\nio.dll
0x00007ffcf3750000 - 0x00007ffcf3781000 	C:\Program Files\Java\jre1.8.0_221\bin\jpeg.dll
0x00007ffcf33c0000 - 0x00007ffcf33fe000 	C:\Program Files\Java\jre1.8.0_221\bin\lcms.dll
0x00007ffcffbd0000 - 0x00007ffcffbf9000 	C:\WINDOWS\system32\DWMAPI.DLL
0x00007ffcff8c0000 - 0x00007ffcff958000 	C:\WINDOWS\system32\uxtheme.dll
0x00007ffcf3360000 - 0x00007ffcf33b7000 	C:\Users\Alex\AppData\Local\Temp\lwjglAlex\3.1.1-build-16\lwjgl.dll
0x00007ffcf3290000 - 0x00007ffcf32ce000 	C:\Users\Alex\AppData\Local\Temp\lwjglAlex\3.1.1-build-16\jemalloc.dll
0x00007ffcf3250000 - 0x00007ffcf328c000 	C:\Users\Alex\AppData\Local\Temp\lwjglAlex\3.1.1-build-16\glfw.dll
0x00007ffcf08b0000 - 0x00007ffcf08f3000 	C:\WINDOWS\SYSTEM32\dinput8.dll
0x00007ffcf99f0000 - 0x00007ffcf9a00000 	C:\WINDOWS\SYSTEM32\xinput1_4.dll
0x00007ffd017a0000 - 0x00007ffd017c7000 	C:\WINDOWS\SYSTEM32\DEVOBJ.dll
0x00007ffceaeb0000 - 0x00007ffceaf29000 	C:\WINDOWS\SYSTEM32\inputhost.dll
0x00007ffcfd5a0000 - 0x00007ffcfd6ed000 	C:\WINDOWS\SYSTEM32\wintypes.dll
0x00007ffcff4e0000 - 0x00007ffcff5ba000 	C:\WINDOWS\SYSTEM32\CoreMessaging.dll
0x00007ffceab90000 - 0x00007ffceaeae000 	C:\WINDOWS\SYSTEM32\CoreUIComponents.dll
0x00007ffd00b60000 - 0x00007ffd00b91000 	C:\WINDOWS\SYSTEM32\ntmarta.dll
0x00007ffd004f0000 - 0x00007ffd004fc000 	C:\WINDOWS\SYSTEM32\HID.DLL
0x00007ffd03150000 - 0x00007ffd0359b000 	C:\WINDOWS\System32\SETUPAPI.DLL
0x00007ffd023e0000 - 0x00007ffd02437000 	C:\WINDOWS\System32\WINTRUST.dll
0x00007ffd01a30000 - 0x00007ffd01a42000 	C:\WINDOWS\System32\MSASN1.dll
0x00007ffd026b0000 - 0x00007ffd02892000 	C:\WINDOWS\System32\CRYPT32.dll
0x00007ffd03690000 - 0x00007ffd03803000 	C:\WINDOWS\System32\MSCTF.dll
0x00007ffce5a10000 - 0x00007ffce5b30000 	C:\WINDOWS\SYSTEM32\opengl32.dll
0x00007ffcf3890000 - 0x00007ffcf38bc000 	C:\WINDOWS\SYSTEM32\GLU32.dll
0x00007ffcc89c0000 - 0x00007ffcc9899000 	C:\WINDOWS\System32\DriverStore\FileRepository\64zh4840.inf_amd64_64c3089455794432\ig9icd64.dll
0x00007ffd00040000 - 0x00007ffd00053000 	C:\WINDOWS\SYSTEM32\WTSAPI32.dll
0x00007ffd00720000 - 0x00007ffd007db000 	C:\WINDOWS\SYSTEM32\dxgi.dll
0x00007ffce7150000 - 0x00007ffce8752000 	C:\WINDOWS\System32\DriverStore\FileRepository\64zh4840.inf_amd64_64c3089455794432\igc64.dll
0x00007ffceaf30000 - 0x00007ffceafc6000 	C:\WINDOWS\System32\TextInputFramework.dll
0x00007ffcdec90000 - 0x00007ffcdecfb000 	C:\WINDOWS\system32\Oleacc.dll
0x00007ffcf06a0000 - 0x00007ffcf06ff000 	C:\Users\Alex\AppData\Local\Temp\lwjglAlex\3.1.1-build-16\lwjgl_opengl.dll
0x00007ffce9060000 - 0x00007ffce90c4000 	C:\WINDOWS\system32\Ninput.dll
0x00007ffd02be0000 - 0x00007ffd02d31000 	C:\WINDOWS\System32\ole32.dll
0x00007ffd00320000 - 0x00007ffd004e9000 	C:\WINDOWS\SYSTEM32\dbghelp.dll

VM Arguments:
jvm_args: -agentlib:jdwp=transport=dt_socket,suspend=y,address=localhost:62193 -Djava.library.path=C:\thirdparty\opencv\build\java\x64 -javaagent:C:\Users\Alex\eclipse\java-2019-06\eclipse\configuration\org.eclipse.osgi\226\0\.cp\lib\javaagent-shaded.jar -Dfile.encoding=Cp1252 
java_command: com.bentonian.gldemos.gpurender.GPURenderDemo
java_class_path (initial): C:\Users\Alex\Documents\Projects\Java\OpenGL Demos\bin;C:\Users\Alex\Documents\Projects\Java\framework\target\classes;C:\Users\Alex\Documents\Projects\Java\framework\target\test-classes;C:\Users\Alex\.m2\repository\org\lwjgl\lwjgl\3.1.1\lwjgl-3.1.1.jar;C:\Users\Alex\.m2\repository\org\lwjgl\lwjgl-glfw\3.1.1\lwjgl-glfw-3.1.1.jar;C:\Users\Alex\.m2\repository\org\lwjgl\lwjgl-jemalloc\3.1.1\lwjgl-jemalloc-3.1.1.jar;C:\Users\Alex\.m2\repository\org\lwjgl\lwjgl-openal\3.1.1\lwjgl-openal-3.1.1.jar;C:\Users\Alex\.m2\repository\org\lwjgl\lwjgl-opengl\3.1.1\lwjgl-opengl-3.1.1.jar;C:\Users\Alex\.m2\repository\org\lwjgl\lwjgl-stb\3.1.1\lwjgl-stb-3.1.1.jar;C:\Users\Alex\.m2\repository\org\lwjgl\lwjgl\3.1.1\lwjgl-3.1.1-natives-windows.jar;C:\Users\Alex\.m2\repository\org\lwjgl\lwjgl-glfw\3.1.1\lwjgl-glfw-3.1.1-natives-windows.jar;C:\Users\Alex\.m2\repository\org\lwjgl\lwjgl-jemalloc\3.1.1\lwjgl-jemalloc-3.1.1-natives-windows.jar;C:\Users\Alex\.m2\repository\org\lwjgl\lwjgl-openal\3.1.1\lwjgl-openal-3.1.1-natives-windows.jar;C:\Users\Alex\.m2\repository\org\lwjgl\lwjgl-opengl\3.1.1\lwjgl-opengl-3.1.1-natives-windows.jar;C:\Users\Alex\.m2\repository\org\lwjgl\lwjgl-stb\3.1.1\lwjgl-stb-3.1.1-natives-windows.jar;C:\Users\Alex\.m2\repository\com\google\guava\guava\15.0\guava-15.0.jar;C:\Users\Alex\.m2\repository\org\saintandreas\jovr\0.4.2.0\jovr-0.4.2.0.jar;C:\Users\Alex\.m2\repository\net\java\dev\jna\jna\5.0.0-SNAPSHOT\jna-5.0.0-SNAPSHOT.jar;C:\Users\Alex\.m2\repository\com\google\code\findbugs\jsr305\2.0.3\jsr305-2.0.3.jar;C:\Users\Alex\.m2\repository\org\apache\httpcomponents\httpclient\4.4\httpclient-4.4.jar;C:\Users\Alex\.m2\repository\org\apache\httpcomponents\httpcore\4.4\httpcore-4.4.jar;C:\Users\Alex\.m2\repository\commons-logging\commons-logging\1.2\commons-logging-1.2.jar;C:\Users\Alex\.m2\repository\commons-codec\commons-codec\1.9\commons-codec-1.9.jar;C:\Users\Alex\.m2\repository\org\apache\httpcomponents\httpmime\4.4\httpmime-4.4.jar;C:\thi
Launcher Type: SUN_STANDARD

Environment Variables:
PATH=C:/Program Files/Java/jre1.8.0_221/bin/server;C:/Program Files/Java/jre1.8.0_221/bin;C:/Program Files/Java/jre1.8.0_221/lib/amd64;C:\Program Files (x86)\Common Files\Oracle\Java\javapath;C:\WINDOWS\system32;C:\WINDOWS;C:\WINDOWS\System32\Wbem;C:\WINDOWS\System32\WindowsPowerShell\v1.0\;C:\WINDOWS\System32\OpenSSH\;C:\Program Files\PuTTY\;C:\Program Files (x86)\NVIDIA Corporation\PhysX\Common;C:\Program Files\MiKTeX 2.9\miktex\bin\x64\;C:\Program Files\NVIDIA Corporation\NVIDIA NvDLISR;C:\Program Files (x86)\Calibre2\;C:\Program Files\Git\cmd;C:\Users\Alex\AppData\Local\Programs\Python\Python37\Scripts\;C:\Users\Alex\AppData\Local\Programs\Python\Python37\;C:\Users\Alex\AppData\Local\Microsoft\WindowsApps;C:\Users\Alex\AppData\Local\GitHubDesktop\bin;C:\Program Files (x86)\UnrarDLL;;C:\Program Files\JetBrains\IntelliJ IDEA Community Edition 2019.1.3\bin;;C:\Users\Alex\eclipse\java-2019-06\eclipse;
USERNAME=Alex
OS=Windows_NT
PROCESSOR_IDENTIFIER=Intel64 Family 6 Model 142 Stepping 10, GenuineIntel



---------------  S Y S T E M  ---------------

OS: Windows 10.0 , 64 bit Build 17134 (10.0.17134.753)

CPU:total 8 (initial active 8) (4 cores per cpu, 2 threads per core) family 6 model 142 stepping 10, cmov, cx8, fxsr, mmx, sse, sse2, sse3, ssse3, sse4.1, sse4.2, popcnt, avx, avx2, aes, clmul, erms, rtm, 3dnowpref, lzcnt, ht, tsc, tscinvbit, bmi1, bmi2, adx

Memory: 4k page, physical 16700332k(8052616k free), swap 19190700k(5233032k free)

vm_info: Java HotSpot(TM) 64-Bit Server VM (25.221-b11) for windows-amd64 JRE (1.8.0_221-b11), built on Jul  4 2019 04:39:29 by "java_re" with MS VC++ 10.0 (VS2010)

time: Sun Sep 15 21:43:09 2019
timezone: GMT Daylight Time
elapsed time: 25862 seconds (0d 7h 11m 2s)

