#
# A fatal error has been detected by the Java Runtime Environment:
#
#  EXCEPTION_ACCESS_VIOLATION (0xc0000005) at pc=0x00007ffd056aee9d, pid=17688, tid=0x000000000000496c
#
# JRE version: Java(TM) SE Runtime Environment (8.0_221-b11) (build 1.8.0_221-b11)
# Java VM: Java HotSpot(TM) 64-Bit Server VM (25.221-b11 mixed mode windows-amd64 compressed oops)
# Problematic frame:
# C  [ntdll.dll+0x1ee9d]
#
# Failed to write core dump. Minidumps are not enabled by default on client versions of Windows
#
# If you would like to submit a bug report, please visit:
#   http://bugreport.java.com/bugreport/crash.jsp
# The crash happened outside the Java Virtual Machine in native code.
# See problematic frame for where to report the bug.
#

---------------  T H R E A D  ---------------

Current thread (0x0000000002963800):  JavaThread "main" [_thread_in_native, id=18796, stack(0x0000000002760000,0x0000000002860000)]

siginfo: ExceptionCode=0xc0000005, writing address 0x0000000000000008

Registers:
RAX=0x0000000000638000, RBX=0x00007ffce7e47ad0, RCX=0x0000000000000000, RDX=0x00000000000006e0
RSP=0x000000000285b740, RBP=0x000000000285bdc0, RSI=0x0000000000000001, RDI=0x0000000000000000
R8 =0x0000000000df3300, R9 =0x0000000000008000, R10=0x000000000285b7f0, R11=0x00000000308c6740
R12=0x00007ffce78d9af0, R13=0x0000000026a39d68, R14=0x00007ffce7150000, R15=0x0000000000000001
RIP=0x00007ffd056aee9d, EFLAGS=0x0000000000010202

Top of Stack: (sp=0x000000000285b740)
0x000000000285b740:   0000000026a39d68 0000000000000208
0x000000000285b750:   00007ffce78d9af0 000000000285b7f0
0x000000000285b760:   000000000285bdc0 00007ffce788389d
0x000000000285b770:   0000000000000104 0000000000000104
0x000000000285b780:   0000000000000200 0000000000000000
0x000000000285b790:   0000000000000000 00007ffce788a20a
0x000000000285b7a0:   00000000308c6740 0000000001040030
0x000000000285b7b0:   000000000285b7f0 0000000000000000
0x000000000285b7c0:   0000000000000000 00007ffce716d38c
0x000000000285b7d0:   0000000000000000 0000000000000000
0x000000000285b7e0:   0000000000000000 0000000000000000
0x000000000285b7f0:   72676f72505c3a43 73656c6946206d61
0x000000000285b800:   726a5c6176614a5c 325f302e382e3165
0x000000000285b810:   6a5c6e69625c3132 6578652e77617661
0x000000000285b820:   0000000000000000 00007ffd025bfb5d
0x000000000285b830:   0000000000000001 00007ffcdec90000 

Instructions: (pc=0x00007ffd056aee9d)
0x00007ffd056aee7d:   5e c3 f0 ff 43 38 eb c8 cc cc cc cc cc cc cc cc
0x00007ffd056aee8d:   cc cc cc 48 83 ec 28 65 48 8b 04 25 30 00 00 00
0x00007ffd056aee9d:   f0 0f ba 71 08 00 48 8b 40 48 73 12 48 89 41 10
0x00007ffd056aeead:   33 c0 c7 41 0c 01 00 00 00 48 83 c4 28 c3 48 39 


Register to memory mapping:

RAX=0x0000000000638000 is an unknown value
RBX=0x00007ffce7e47ad0 is an unknown value
RCX=0x0000000000000000 is an unknown value
RDX=0x00000000000006e0 is an unknown value
RSP=0x000000000285b740 is pointing into the stack for thread: 0x0000000002963800
RBP=0x000000000285bdc0 is pointing into the stack for thread: 0x0000000002963800
RSI=0x0000000000000001 is an unknown value
RDI=0x0000000000000000 is an unknown value
R8 =0x0000000000df3300 is an unknown value
R9 =0x0000000000008000 is an unknown value
R10=0x000000000285b7f0 is pointing into the stack for thread: 0x0000000002963800
R11=0x00000000308c6740 is an unknown value
R12=0x00007ffce78d9af0 is an unknown value
R13=0x0000000026a39d68 is an unknown value
R14=0x00007ffce7150000 is an unknown value
R15=0x0000000000000001 is an unknown value


Stack: [0x0000000002760000,0x0000000002860000],  sp=0x000000000285b740,  free space=1005k
Native frames: (J=compiled Java code, j=interpreted, Vv=VM code, C=native code)
C  [ntdll.dll+0x1ee9d]
C  [igc64.dll+0x73389d]
C  [igc64.dll+0x73a20a]
C  [igc64.dll+0x1d38c]
C  [igc64.dll+0x789a14]
C  [ntdll.dll+0x3b583]
C  [ntdll.dll+0x47f85]
C  [ntdll.dll+0x47e48]
C  [KERNEL32.DLL+0x1ca7a]
C  [igc64.dll+0x7b600c]
C  [igc64.dll+0x7b5fa8]
C  [igc64.dll+0x5ee2c2]
C  [igc64.dll+0x3eba45]
C  [igc64.dll+0x3f7813]
C  [igc64.dll+0x3ede93]
C  [igc64.dll+0x3ee431]
C  [igc64.dll+0x60a31b]
C  [igc64.dll+0x3ec6c1]
C  [igc64.dll+0x3ece61]
C  [igc64.dll+0x3ef96b]
C  [igc64.dll+0x3d656]
C  [igc64.dll+0x51318]
C  [igc64.dll+0x4c5a4]
C  [ig9icd64.dll+0x918981]
C  [ig9icd64.dll+0x919671]
C  [ig9icd64.dll+0x919751]
C  [ig9icd64.dll+0x91a089]
C  [ig9icd64.dll+0x919d4c]
C  [ig9icd64.dll+0x9199c3]
C  [ig9icd64.dll+0x1bc264]
C  [ig9icd64.dll+0x1b5e4a]
C  [ig9icd64.dll+0x1bd70e]
C  [ig9icd64.dll+0x22694]
C  [ig9icd64.dll+0x22513]
C  [ig9icd64.dll+0x24a06]
C  [ig9icd64.dll+0x247ab]
C  [ig9icd64.dll+0x3281f]
C  [ig9icd64.dll+0x329c7]
C  [ig9icd64.dll+0x32b85]
C  0x0000000002a81df0

Java frames: (J=compiled Java code, j=interpreted, Vv=VM code)
j  org.lwjgl.opengl.GL20.nglLinkProgram(I)V+0
j  org.lwjgl.opengl.GL20.glLinkProgram(I)V+1
j  com.bentonian.framework.ui.ShaderUtil.compileProgram(II)I+15
j  com.bentonian.framework.ui.ShaderAutoloader.updateProgram()V+49
j  com.bentonian.framework.ui.ShaderAutoloader.preDraw()V+10
j  com.bentonian.gldemos.gpurender.GPURenderDemo.preDraw()V+4
j  com.bentonian.framework.ui.GLWindowedCanvas.mainLoop()V+1
j  com.bentonian.framework.ui.GLWindowedCanvas.run()V+8
j  com.bentonian.gldemos.gpurender.GPURenderDemo.main([Ljava/lang/String;)V+7
v  ~StubRoutines::call_stub

---------------  P R O C E S S  ---------------

Java Threads: ( => current thread )
  0x00000000243f6000 JavaThread "Thread-1" [_thread_blocked, id=15124, stack(0x0000000024d60000,0x0000000024e60000)]
  0x0000000020220000 JavaThread "Java2D Disposer" daemon [_thread_blocked, id=12004, stack(0x0000000021140000,0x0000000021240000)]
  0x000000001e5cf800 JavaThread "Service Thread" daemon [_thread_blocked, id=17756, stack(0x000000001f630000,0x000000001f730000)]
  0x000000001e5e5800 JavaThread "C1 CompilerThread3" daemon [_thread_blocked, id=17940, stack(0x000000001f530000,0x000000001f630000)]
  0x000000001e5e4800 JavaThread "C2 CompilerThread2" daemon [_thread_blocked, id=12036, stack(0x000000001f430000,0x000000001f530000)]
  0x000000001e5e0000 JavaThread "C2 CompilerThread1" daemon [_thread_in_native, id=5380, stack(0x000000001f330000,0x000000001f430000)]
  0x000000001e5d5000 JavaThread "C2 CompilerThread0" daemon [_thread_blocked, id=3148, stack(0x000000001f230000,0x000000001f330000)]
  0x000000001e446800 JavaThread "JDWP Command Reader" daemon [_thread_in_native, id=2460, stack(0x000000001f130000,0x000000001f230000)]
  0x000000001e443800 JavaThread "JDWP Event Helper Thread" daemon [_thread_blocked, id=7080, stack(0x000000001f030000,0x000000001f130000)]
  0x000000001e436000 JavaThread "JDWP Transport Listener: dt_socket" daemon [_thread_blocked, id=5920, stack(0x000000001ef30000,0x000000001f030000)]
  0x000000001e42d000 JavaThread "Attach Listener" daemon [_thread_blocked, id=4416, stack(0x000000001eaf0000,0x000000001ebf0000)]
  0x000000001e42b000 JavaThread "Signal Dispatcher" daemon [_thread_blocked, id=19052, stack(0x000000001e9f0000,0x000000001eaf0000)]
  0x000000001e420800 JavaThread "Finalizer" daemon [_thread_blocked, id=16696, stack(0x000000001e800000,0x000000001e900000)]
  0x000000001c51d000 JavaThread "Reference Handler" daemon [_thread_blocked, id=236, stack(0x000000001e300000,0x000000001e400000)]
=>0x0000000002963800 JavaThread "main" [_thread_in_native, id=18796, stack(0x0000000002760000,0x0000000002860000)]

Other Threads:
  0x000000001c519000 VMThread [stack: 0x000000001e200000,0x000000001e300000] [id=14968]
  0x000000001e6d2000 WatcherThread [stack: 0x000000001f730000,0x000000001f830000] [id=16764]

VM state:not at safepoint (normal execution)

VM Mutex/Monitor currently owned by a thread: None

heap address: 0x00000006c1200000, size: 4078 MB, Compressed Oops mode: Zero based, Oop shift amount: 3
Narrow klass base: 0x0000000000000000, Narrow klass shift: 3
Compressed class space size: 1073741824 Address: 0x00000007c0000000

Heap:
 PSYoungGen      total 76288K, used 61475K [0x000000076b100000, 0x0000000770600000, 0x00000007c0000000)
  eden space 65536K, 77% used [0x000000076b100000,0x000000076e28dd00,0x000000076f100000)
  from space 10752K, 99% used [0x000000076f100000,0x000000076fb7afc0,0x000000076fb80000)
  to   space 10752K, 0% used [0x000000076fb80000,0x000000076fb80000,0x0000000770600000)
 ParOldGen       total 175104K, used 56582K [0x00000006c1200000, 0x00000006cbd00000, 0x000000076b100000)
  object space 175104K, 32% used [0x00000006c1200000,0x00000006c49419a8,0x00000006cbd00000)
 Metaspace       used 13126K, capacity 13355K, committed 13440K, reserved 1060864K
  class space    used 1253K, capacity 1341K, committed 1408K, reserved 1048576K

Card table byte_map: [0x0000000011e20000,0x0000000012620000] byte_map_base: 0x000000000e817000

Marking Bits: (ParMarkBitMap*) 0x0000000052825ce0
 Begin Bits: [0x0000000013370000, 0x0000000017328000)
 End Bits:   [0x0000000017328000, 0x000000001b2e0000)

Polling page: 0x0000000002680000

CodeCache: size=245760Kb used=4963Kb max_used=4997Kb free=240796Kb
 bounds [0x0000000002a60000, 0x0000000002f50000, 0x0000000011a60000]
 total_blobs=1942 nmethods=1037 adapters=826
 compilation: enabled

Compilation events (10 events):
Event: 6.917 Thread 0x000000001e5e5800 1037       3       org.lwjgl.system.MemoryTextUtil::encodeUTF8Length (91 bytes)
Event: 6.918 Thread 0x000000001e5e5800 nmethod 1037 0x0000000002f27050 code [0x0000000002f27200, 0x0000000002f27818]
Event: 6.918 Thread 0x000000001e5e5800 1038       3       org.lwjgl.system.MemoryAccess$MemoryAccessorUnsafe$1::encodeUTF8 (334 bytes)
Event: 6.918 Thread 0x000000001e5d5000 nmethod 1032 0x0000000002f2e0d0 code [0x0000000002f2e220, 0x0000000002f2e4d8]
Event: 6.918 Thread 0x000000001e5d5000 1031       4       java.util.ArrayList::add (29 bytes)
Event: 6.919 Thread 0x000000001e5e5800 nmethod 1038 0x0000000002f25250 code [0x0000000002f25480, 0x0000000002f26858]
Event: 6.919 Thread 0x000000001e5e5800 1034       3       java.util.ArrayList::grow (45 bytes)
Event: 6.919 Thread 0x000000001e5e5800 nmethod 1034 0x0000000002f24910 code [0x0000000002f24ac0, 0x0000000002f24fd8]
Event: 6.922 Thread 0x000000001e5d5000 nmethod 1031 0x0000000002f31710 code [0x0000000002f31860, 0x0000000002f31d08]
Event: 6.961 Thread 0x000000001e5e4800 nmethod 945 0x0000000002f39310 code [0x0000000002f398a0, 0x0000000002f3f248]

GC Heap History (2 events):
Event: 5.386 GC heap before
{Heap before GC invocations=1 (full 0):
 PSYoungGen      total 76288K, used 65536K [0x000000076b100000, 0x0000000770600000, 0x00000007c0000000)
  eden space 65536K, 100% used [0x000000076b100000,0x000000076f100000,0x000000076f100000)
  from space 10752K, 0% used [0x000000076fb80000,0x000000076fb80000,0x0000000770600000)
  to   space 10752K, 0% used [0x000000076f100000,0x000000076f100000,0x000000076fb80000)
 ParOldGen       total 175104K, used 51269K [0x00000006c1200000, 0x00000006cbd00000, 0x000000076b100000)
  object space 175104K, 29% used [0x00000006c1200000,0x00000006c4411630,0x00000006cbd00000)
 Metaspace       used 9336K, capacity 9514K, committed 9600K, reserved 1058816K
  class space    used 1012K, capacity 1083K, committed 1152K, reserved 1048576K
Event: 5.394 GC heap after
Heap after GC invocations=1 (full 0):
 PSYoungGen      total 76288K, used 10731K [0x000000076b100000, 0x0000000770600000, 0x00000007c0000000)
  eden space 65536K, 0% used [0x000000076b100000,0x000000076b100000,0x000000076f100000)
  from space 10752K, 99% used [0x000000076f100000,0x000000076fb7afc0,0x000000076fb80000)
  to   space 10752K, 0% used [0x000000076fb80000,0x000000076fb80000,0x0000000770600000)
 ParOldGen       total 175104K, used 56582K [0x00000006c1200000, 0x00000006cbd00000, 0x000000076b100000)
  object space 175104K, 32% used [0x00000006c1200000,0x00000006c49419a8,0x00000006cbd00000)
 Metaspace       used 9336K, capacity 9514K, committed 9600K, reserved 1058816K
  class space    used 1012K, capacity 1083K, committed 1152K, reserved 1048576K
}

Deoptimization events (3 events):
Event: 4.328 Thread 0x0000000002963800 Uncommon trap: reason=unstable_if action=reinterpret pc=0x0000000002c269fc method=org.eclipse.jdt.launching.internal.org.objectweb.asm.ClassReader.readUTF8(I[C)Ljava/lang/String; @ 11
Event: 4.951 Thread 0x0000000002963800 Uncommon trap: reason=unstable_if action=reinterpret pc=0x0000000002d3923c method=sun.awt.image.ByteInterleavedRaster.putByteData(IIII[B)V @ 395
Event: 6.823 Thread 0x0000000002963800 Uncommon trap: reason=unstable_if action=reinterpret pc=0x0000000002d7938c method=java.io.BufferedInputStream.read1([BII)I @ 22

Classes redefined (0 events):
No events

Internal exceptions (10 events):
Event: 4.525 Thread 0x0000000002963800 Exception <a 'java/security/PrivilegedActionException'> (0x000000076be811c0) thrown at [C:\re\workspace\8-2-build-windows-amd64-cygwin\jdk8u221\13320\hotspot\src\share\vm\prims\jvm.cpp, line 1502]
Event: 4.525 Thread 0x0000000002963800 Exception <a 'java/security/PrivilegedActionException'> (0x000000076be813d0) thrown at [C:\re\workspace\8-2-build-windows-amd64-cygwin\jdk8u221\13320\hotspot\src\share\vm\prims\jvm.cpp, line 1502]
Event: 4.551 Thread 0x0000000002963800 Exception <a 'java/io/FileNotFoundException'> (0x000000076bedfbc0) thrown at [C:\re\workspace\8-2-build-windows-amd64-cygwin\jdk8u221\13320\hotspot\src\share\vm\prims\jni.cpp, line 710]
Event: 4.593 Thread 0x0000000002963800 Exception <a 'java/lang/NoSuchFieldError': method resolution failed> (0x000000076c003a20) thrown at [C:\re\workspace\8-2-build-windows-amd64-cygwin\jdk8u221\13320\hotspot\src\share\vm\prims\methodHandles.cpp, line 1167]
Event: 4.598 Thread 0x0000000002963800 Exception <a 'java/lang/NoSuchFieldError': method resolution failed> (0x000000076c011bd8) thrown at [C:\re\workspace\8-2-build-windows-amd64-cygwin\jdk8u221\13320\hotspot\src\share\vm\prims\methodHandles.cpp, line 1167]
Event: 4.985 Thread 0x0000000002963800 Exception <a 'java/io/FileNotFoundException'> (0x000000076cdbdfc8) thrown at [C:\re\workspace\8-2-build-windows-amd64-cygwin\jdk8u221\13320\hotspot\src\share\vm\prims\jni.cpp, line 710]
Event: 6.336 Thread 0x0000000002963800 Exception <a 'sun/nio/fs/WindowsException'> (0x000000076c9d4330) thrown at [C:\re\workspace\8-2-build-windows-amd64-cygwin\jdk8u221\13320\hotspot\src\share\vm\prims\jni.cpp, line 710]
Event: 6.336 Thread 0x0000000002963800 Exception <a 'sun/nio/fs/WindowsException'> (0x000000076c9d4910) thrown at [C:\re\workspace\8-2-build-windows-amd64-cygwin\jdk8u221\13320\hotspot\src\share\vm\prims\jni.cpp, line 710]
Event: 6.337 Thread 0x0000000002963800 Exception <a 'sun/nio/fs/WindowsException'> (0x000000076c9d63a8) thrown at [C:\re\workspace\8-2-build-windows-amd64-cygwin\jdk8u221\13320\hotspot\src\share\vm\prims\jni.cpp, line 710]
Event: 6.337 Thread 0x0000000002963800 Exception <a 'sun/nio/fs/WindowsException'> (0x000000076c9d68b0) thrown at [C:\re\workspace\8-2-build-windows-amd64-cygwin\jdk8u221\13320\hotspot\src\share\vm\prims\jni.cpp, line 710]

Events (10 events):
Event: 6.873 Thread 0x0000000002963800 DEOPT PACKING pc=0x0000000002d83289 sp=0x000000000285dd80
Event: 6.873 Thread 0x0000000002963800 DEOPT UNPACKING pc=0x0000000002aa7890 sp=0x000000000285dad0 mode 1
Event: 6.873 Thread 0x0000000002963800 DEOPT PACKING pc=0x0000000002c614e4 sp=0x000000000285de00
Event: 6.873 Thread 0x0000000002963800 DEOPT UNPACKING pc=0x0000000002aa7890 sp=0x000000000285dc20 mode 1
Event: 6.873 Thread 0x0000000002963800 DEOPT PACKING pc=0x0000000002c6127c sp=0x000000000285df90
Event: 6.873 Thread 0x0000000002963800 DEOPT UNPACKING pc=0x0000000002aa7890 sp=0x000000000285ddb0 mode 1
Event: 6.874 loading class java/lang/ArrayIndexOutOfBoundsException
Event: 6.874 loading class java/lang/ArrayIndexOutOfBoundsException done
Event: 6.913 loading class com/google/common/base/Function
Event: 6.913 loading class com/google/common/base/Function done


Dynamic libraries:
0x00007ff789c40000 - 0x00007ff789c77000 	C:\Program Files\Java\jre1.8.0_221\bin\javaw.exe
0x00007ffd05690000 - 0x00007ffd05871000 	C:\WINDOWS\SYSTEM32\ntdll.dll
0x00007ffd04c70000 - 0x00007ffd04d21000 	C:\WINDOWS\System32\KERNEL32.DLL
0x00007ffd01a50000 - 0x00007ffd01cc3000 	C:\WINDOWS\System32\KERNELBASE.dll
0x00007ffd04dd0000 - 0x00007ffd04e71000 	C:\WINDOWS\System32\ADVAPI32.dll
0x00007ffd05030000 - 0x00007ffd050ce000 	C:\WINDOWS\System32\msvcrt.dll
0x00007ffd02d70000 - 0x00007ffd02dcb000 	C:\WINDOWS\System32\sechost.dll
0x00007ffd04e80000 - 0x00007ffd04fa4000 	C:\WINDOWS\System32\RPCRT4.dll
0x00007ffd054d0000 - 0x00007ffd05660000 	C:\WINDOWS\System32\USER32.dll
0x00007ffd024f0000 - 0x00007ffd02510000 	C:\WINDOWS\System32\win32u.dll
0x00007ffd05170000 - 0x00007ffd05198000 	C:\WINDOWS\System32\GDI32.dll
0x00007ffd028f0000 - 0x00007ffd02a81000 	C:\WINDOWS\System32\gdi32full.dll
0x00007ffd02510000 - 0x00007ffd025af000 	C:\WINDOWS\System32\msvcp_win.dll
0x00007ffd025b0000 - 0x00007ffd026a8000 	C:\WINDOWS\System32\ucrtbase.dll
0x00007ffcf4d70000 - 0x00007ffcf4fd9000 	C:\WINDOWS\WinSxS\amd64_microsoft.windows.common-controls_6595b64144ccf1df_6.0.17134.1006_none_d3fbb8f77c940c3f\COMCTL32.dll
0x00007ffd051a0000 - 0x00007ffd054c1000 	C:\WINDOWS\System32\combase.dll
0x00007ffd02a90000 - 0x00007ffd02b09000 	C:\WINDOWS\System32\bcryptPrimitives.dll
0x00007ffd04d30000 - 0x00007ffd04d5d000 	C:\WINDOWS\System32\IMM32.DLL
0x0000000054420000 - 0x00000000544f2000 	C:\Program Files\Java\jre1.8.0_221\bin\msvcr100.dll
0x0000000052000000 - 0x00000000528a5000 	C:\Program Files\Java\jre1.8.0_221\bin\server\jvm.dll
0x00007ffd02d40000 - 0x00007ffd02d48000 	C:\WINDOWS\System32\PSAPI.DLL
0x00007ffcf8d30000 - 0x00007ffcf8d3a000 	C:\WINDOWS\SYSTEM32\VERSION.dll
0x00007ffcee600000 - 0x00007ffcee623000 	C:\WINDOWS\SYSTEM32\WINMM.dll
0x00007ffcf31e0000 - 0x00007ffcf31e9000 	C:\WINDOWS\SYSTEM32\WSOCK32.dll
0x00007ffd04d60000 - 0x00007ffd04dcc000 	C:\WINDOWS\System32\WS2_32.dll
0x00007ffcee5d0000 - 0x00007ffcee5fa000 	C:\WINDOWS\SYSTEM32\WINMMBASE.dll
0x00007ffd028a0000 - 0x00007ffd028e9000 	C:\WINDOWS\System32\cfgmgr32.dll
0x00007ffcf5bc0000 - 0x00007ffcf5bcf000 	C:\Program Files\Java\jre1.8.0_221\bin\verify.dll
0x00007ffcf5510000 - 0x00007ffcf5539000 	C:\Program Files\Java\jre1.8.0_221\bin\java.dll
0x00007ffcf3920000 - 0x00007ffcf3955000 	C:\Program Files\Java\jre1.8.0_221\bin\jdwp.dll
0x00007ffd00500000 - 0x00007ffd00508000 	C:\Program Files\Java\jre1.8.0_221\bin\npt.dll
0x00007ffcf3890000 - 0x00007ffcf38b3000 	C:\Program Files\Java\jre1.8.0_221\bin\instrument.dll
0x00007ffcf24b0000 - 0x00007ffcf24c6000 	C:\Program Files\Java\jre1.8.0_221\bin\zip.dll
0x00007ffd03810000 - 0x00007ffd04c52000 	C:\WINDOWS\System32\SHELL32.dll
0x00007ffd02e90000 - 0x00007ffd02f39000 	C:\WINDOWS\System32\shcore.dll
0x00007ffd01cd0000 - 0x00007ffd023de000 	C:\WINDOWS\System32\windows.storage.dll
0x00007ffd02e30000 - 0x00007ffd02e81000 	C:\WINDOWS\System32\shlwapi.dll
0x00007ffd019b0000 - 0x00007ffd019c1000 	C:\WINDOWS\System32\kernel.appcore.dll
0x00007ffd01990000 - 0x00007ffd019af000 	C:\WINDOWS\System32\profapi.dll
0x00007ffd019d0000 - 0x00007ffd01a1c000 	C:\WINDOWS\System32\powrprof.dll
0x00007ffd01a20000 - 0x00007ffd01a2a000 	C:\WINDOWS\System32\FLTLIB.DLL
0x00007ffcff9d0000 - 0x00007ffcff9d9000 	C:\Program Files\Java\jre1.8.0_221\bin\dt_socket.dll
0x00007ffcda2a0000 - 0x00007ffcda2b6000 	C:\WINDOWS\system32\napinsp.dll
0x00007ffcda280000 - 0x00007ffcda29a000 	C:\WINDOWS\system32\pnrpnsp.dll
0x00007ffcfdc00000 - 0x00007ffcfdc19000 	C:\WINDOWS\system32\NLAapi.dll
0x00007ffd01210000 - 0x00007ffd01276000 	C:\WINDOWS\System32\mswsock.dll
0x00007ffd00fa0000 - 0x00007ffd0105e000 	C:\WINDOWS\SYSTEM32\DNSAPI.dll
0x00007ffd04c60000 - 0x00007ffd04c68000 	C:\WINDOWS\System32\NSI.dll
0x00007ffd00f60000 - 0x00007ffd00f98000 	C:\WINDOWS\SYSTEM32\IPHLPAPI.DLL
0x00007ffcdcf50000 - 0x00007ffcdcf5e000 	C:\WINDOWS\System32\winrnr.dll
0x00007ffcf8d90000 - 0x00007ffcf8da5000 	C:\WINDOWS\System32\wshbth.dll
0x00007ffcf52c0000 - 0x00007ffcf5332000 	C:\WINDOWS\System32\fwpuclnt.dll
0x00007ffd014f0000 - 0x00007ffd01515000 	C:\WINDOWS\SYSTEM32\bcrypt.dll
0x00007ffcf65a0000 - 0x00007ffcf65aa000 	C:\Windows\System32\rasadhlp.dll
0x00007ffcccce0000 - 0x00007ffccce79000 	C:\Program Files\Java\jre1.8.0_221\bin\awt.dll
0x00007ffd02b10000 - 0x00007ffd02bd2000 	C:\WINDOWS\System32\OLEAUT32.dll
0x00007ffcff6f0000 - 0x00007ffcff77b000 	C:\WINDOWS\SYSTEM32\apphelp.dll
0x00007ffd013d0000 - 0x00007ffd013e7000 	C:\WINDOWS\SYSTEM32\CRYPTSP.dll
0x00007ffd00dc0000 - 0x00007ffd00df3000 	C:\WINDOWS\system32\rsaenh.dll
0x00007ffd018c0000 - 0x00007ffd018e8000 	C:\WINDOWS\SYSTEM32\USERENV.dll
0x00007ffd013c0000 - 0x00007ffd013cb000 	C:\WINDOWS\SYSTEM32\CRYPTBASE.dll
0x00007ffcf2490000 - 0x00007ffcf24aa000 	C:\Program Files\Java\jre1.8.0_221\bin\net.dll
0x00007ffcf50f0000 - 0x00007ffcf52ba000 	C:\WINDOWS\SYSTEM32\urlmon.dll
0x00007ffced760000 - 0x00007ffceda07000 	C:\WINDOWS\SYSTEM32\iertutil.dll
0x00007ffcf6930000 - 0x00007ffcf6946000 	C:\WINDOWS\SYSTEM32\dhcpcsvc6.DLL
0x00007ffcf7270000 - 0x00007ffcf728a000 	C:\WINDOWS\SYSTEM32\dhcpcsvc.DLL
0x00007ffcf23d0000 - 0x00007ffcf23e2000 	C:\Program Files\Java\jre1.8.0_221\bin\nio.dll
0x00007ffcf37d0000 - 0x00007ffcf3801000 	C:\Program Files\Java\jre1.8.0_221\bin\jpeg.dll
0x00007ffcf3770000 - 0x00007ffcf37ae000 	C:\Program Files\Java\jre1.8.0_221\bin\lcms.dll
0x00007ffcffbd0000 - 0x00007ffcffbf9000 	C:\WINDOWS\system32\DWMAPI.DLL
0x00007ffcff8c0000 - 0x00007ffcff958000 	C:\WINDOWS\system32\uxtheme.dll
0x00007ffcf33d0000 - 0x00007ffcf3427000 	C:\Users\Alex\AppData\Local\Temp\lwjglAlex\3.1.1-build-16\lwjgl.dll
0x00007ffcf3730000 - 0x00007ffcf376e000 	C:\Users\Alex\AppData\Local\Temp\lwjglAlex\3.1.1-build-16\jemalloc.dll
0x00007ffcf3390000 - 0x00007ffcf33cc000 	C:\Users\Alex\AppData\Local\Temp\lwjglAlex\3.1.1-build-16\glfw.dll
0x00007ffcf3280000 - 0x00007ffcf32c3000 	C:\WINDOWS\SYSTEM32\dinput8.dll
0x00007ffcf9a00000 - 0x00007ffcf9a10000 	C:\WINDOWS\SYSTEM32\xinput1_4.dll
0x00007ffd017a0000 - 0x00007ffd017c7000 	C:\WINDOWS\SYSTEM32\DEVOBJ.dll
0x00007ffceaeb0000 - 0x00007ffceaf29000 	C:\WINDOWS\SYSTEM32\inputhost.dll
0x00007ffcff4e0000 - 0x00007ffcff5ba000 	C:\WINDOWS\SYSTEM32\CoreMessaging.dll
0x00007ffcfd5a0000 - 0x00007ffcfd6ed000 	C:\WINDOWS\SYSTEM32\wintypes.dll
0x00007ffceab90000 - 0x00007ffceaeae000 	C:\WINDOWS\SYSTEM32\CoreUIComponents.dll
0x00007ffd00b60000 - 0x00007ffd00b91000 	C:\WINDOWS\SYSTEM32\ntmarta.dll
0x00007ffd004f0000 - 0x00007ffd004fc000 	C:\WINDOWS\SYSTEM32\HID.DLL
0x00007ffd03150000 - 0x00007ffd0359b000 	C:\WINDOWS\System32\SETUPAPI.DLL
0x00007ffd023e0000 - 0x00007ffd02437000 	C:\WINDOWS\System32\WINTRUST.dll
0x00007ffd01a30000 - 0x00007ffd01a42000 	C:\WINDOWS\System32\MSASN1.dll
0x00007ffd026b0000 - 0x00007ffd02892000 	C:\WINDOWS\System32\CRYPT32.dll
0x00007ffd03690000 - 0x00007ffd03803000 	C:\WINDOWS\System32\MSCTF.dll
0x00007ffce5a10000 - 0x00007ffce5b30000 	C:\WINDOWS\SYSTEM32\opengl32.dll
0x00007ffcf3360000 - 0x00007ffcf338c000 	C:\WINDOWS\SYSTEM32\GLU32.dll
0x00007ffcc9420000 - 0x00007ffcca2f9000 	C:\WINDOWS\System32\DriverStore\FileRepository\64zh4840.inf_amd64_64c3089455794432\ig9icd64.dll
0x00007ffd00040000 - 0x00007ffd00053000 	C:\WINDOWS\SYSTEM32\WTSAPI32.dll
0x00007ffd00720000 - 0x00007ffd007db000 	C:\WINDOWS\SYSTEM32\dxgi.dll
0x00007ffce7150000 - 0x00007ffce8752000 	C:\WINDOWS\System32\DriverStore\FileRepository\64zh4840.inf_amd64_64c3089455794432\igc64.dll
0x00007ffceaf30000 - 0x00007ffceafc6000 	C:\WINDOWS\System32\TextInputFramework.dll
0x00007ffcdec90000 - 0x00007ffcdecfb000 	C:\WINDOWS\system32\Oleacc.dll
0x00007ffcf06a0000 - 0x00007ffcf06ff000 	C:\Users\Alex\AppData\Local\Temp\lwjglAlex\3.1.1-build-16\lwjgl_opengl.dll
0x00007ffd00320000 - 0x00007ffd004e9000 	C:\WINDOWS\SYSTEM32\dbghelp.dll

VM Arguments:
jvm_args: -agentlib:jdwp=transport=dt_socket,suspend=y,address=localhost:63398 -Djava.library.path=C:\thirdparty\opencv\build\java\x64 -javaagent:C:\Users\Alex\eclipse\java-2019-06\eclipse\configuration\org.eclipse.osgi\226\0\.cp\lib\javaagent-shaded.jar -Dfile.encoding=Cp1252 
java_command: com.bentonian.gldemos.gpurender.GPURenderDemo
java_class_path (initial): C:\Users\Alex\Documents\Projects\Java\OpenGL Demos\bin;C:\Users\Alex\Documents\Projects\Java\framework\target\classes;C:\Users\Alex\Documents\Projects\Java\framework\target\test-classes;C:\Users\Alex\.m2\repository\org\lwjgl\lwjgl\3.1.1\lwjgl-3.1.1.jar;C:\Users\Alex\.m2\repository\org\lwjgl\lwjgl-glfw\3.1.1\lwjgl-glfw-3.1.1.jar;C:\Users\Alex\.m2\repository\org\lwjgl\lwjgl-jemalloc\3.1.1\lwjgl-jemalloc-3.1.1.jar;C:\Users\Alex\.m2\repository\org\lwjgl\lwjgl-openal\3.1.1\lwjgl-openal-3.1.1.jar;C:\Users\Alex\.m2\repository\org\lwjgl\lwjgl-opengl\3.1.1\lwjgl-opengl-3.1.1.jar;C:\Users\Alex\.m2\repository\org\lwjgl\lwjgl-stb\3.1.1\lwjgl-stb-3.1.1.jar;C:\Users\Alex\.m2\repository\org\lwjgl\lwjgl\3.1.1\lwjgl-3.1.1-natives-windows.jar;C:\Users\Alex\.m2\repository\org\lwjgl\lwjgl-glfw\3.1.1\lwjgl-glfw-3.1.1-natives-windows.jar;C:\Users\Alex\.m2\repository\org\lwjgl\lwjgl-jemalloc\3.1.1\lwjgl-jemalloc-3.1.1-natives-windows.jar;C:\Users\Alex\.m2\repository\org\lwjgl\lwjgl-openal\3.1.1\lwjgl-openal-3.1.1-natives-windows.jar;C:\Users\Alex\.m2\repository\org\lwjgl\lwjgl-opengl\3.1.1\lwjgl-opengl-3.1.1-natives-windows.jar;C:\Users\Alex\.m2\repository\org\lwjgl\lwjgl-stb\3.1.1\lwjgl-stb-3.1.1-natives-windows.jar;C:\Users\Alex\.m2\repository\com\google\guava\guava\15.0\guava-15.0.jar;C:\Users\Alex\.m2\repository\org\saintandreas\jovr\0.4.2.0\jovr-0.4.2.0.jar;C:\Users\Alex\.m2\repository\net\java\dev\jna\jna\5.0.0-SNAPSHOT\jna-5.0.0-SNAPSHOT.jar;C:\Users\Alex\.m2\repository\com\google\code\findbugs\jsr305\2.0.3\jsr305-2.0.3.jar;C:\Users\Alex\.m2\repository\org\apache\httpcomponents\httpclient\4.4\httpclient-4.4.jar;C:\Users\Alex\.m2\repository\org\apache\httpcomponents\httpcore\4.4\httpcore-4.4.jar;C:\Users\Alex\.m2\repository\commons-logging\commons-logging\1.2\commons-logging-1.2.jar;C:\Users\Alex\.m2\repository\commons-codec\commons-codec\1.9\commons-codec-1.9.jar;C:\Users\Alex\.m2\repository\org\apache\httpcomponents\httpmime\4.4\httpmime-4.4.jar;C:\thi
Launcher Type: SUN_STANDARD

Environment Variables:
PATH=C:/Program Files/Java/jre1.8.0_221/bin/server;C:/Program Files/Java/jre1.8.0_221/bin;C:/Program Files/Java/jre1.8.0_221/lib/amd64;C:\Program Files (x86)\Common Files\Oracle\Java\javapath;C:\WINDOWS\system32;C:\WINDOWS;C:\WINDOWS\System32\Wbem;C:\WINDOWS\System32\WindowsPowerShell\v1.0\;C:\WINDOWS\System32\OpenSSH\;C:\Program Files\PuTTY\;C:\Program Files (x86)\NVIDIA Corporation\PhysX\Common;C:\Program Files\MiKTeX 2.9\miktex\bin\x64\;C:\Program Files\NVIDIA Corporation\NVIDIA NvDLISR;C:\Program Files (x86)\Calibre2\;C:\Program Files\Git\cmd;C:\Users\Alex\AppData\Local\Programs\Python\Python37\Scripts\;C:\Users\Alex\AppData\Local\Programs\Python\Python37\;C:\Users\Alex\AppData\Local\Microsoft\WindowsApps;C:\Users\Alex\AppData\Local\GitHubDesktop\bin;C:\Program Files (x86)\UnrarDLL;;C:\Program Files\JetBrains\IntelliJ IDEA Community Edition 2019.1.3\bin;;C:\Users\Alex\eclipse\java-2019-06\eclipse;
USERNAME=Alex
OS=Windows_NT
PROCESSOR_IDENTIFIER=Intel64 Family 6 Model 142 Stepping 10, GenuineIntel



---------------  S Y S T E M  ---------------

OS: Windows 10.0 , 64 bit Build 17134 (10.0.17134.753)

CPU:total 8 (initial active 8) (4 cores per cpu, 2 threads per core) family 6 model 142 stepping 10, cmov, cx8, fxsr, mmx, sse, sse2, sse3, ssse3, sse4.1, sse4.2, popcnt, avx, avx2, aes, clmul, erms, rtm, 3dnowpref, lzcnt, ht, tsc, tscinvbit, bmi1, bmi2, adx

Memory: 4k page, physical 16700332k(8149644k free), swap 19190700k(5355500k free)

vm_info: Java HotSpot(TM) 64-Bit Server VM (25.221-b11) for windows-amd64 JRE (1.8.0_221-b11), built on Jul  4 2019 04:39:29 by "java_re" with MS VC++ 10.0 (VS2010)

time: Sun Sep 15 21:44:27 2019
timezone: GMT Daylight Time
elapsed time: 7 seconds (0d 0h 0m 7s)

